This is pdfTeX, Version 3.1415926-2.5-1.40.14 (TeX Live 2013/Debian) (format=pdflatex 2015.12.14)  23 MAY 2016 16:45
entering extended mode
 restricted \write18 enabled.
 %&-line parsing enabled.
**report2.tex
(./report2.tex
LaTeX2e <2011/06/27>
Babel <3.9h> and hyphenation patterns for 4 languages loaded.
(/usr/share/texlive/texmf-dist/tex/latex/base/article.cls
Document Class: article 2007/10/19 v1.4h Standard LaTeX document class
(/usr/share/texlive/texmf-dist/tex/latex/base/size12.clo
File: size12.clo 2007/10/19 v1.4h Standard LaTeX file (size option)
)
\c@part=\count79
\c@section=\count80
\c@subsection=\count81
\c@subsubsection=\count82
\c@paragraph=\count83
\c@subparagraph=\count84
\c@figure=\count85
\c@table=\count86
\abovecaptionskip=\skip41
\belowcaptionskip=\skip42
\bibindent=\dimen102
)
(/usr/share/texlive/texmf-dist/tex/latex/geometry/geometry.sty
Package: geometry 2010/09/12 v5.6 Page Geometry

(/usr/share/texlive/texmf-dist/tex/latex/graphics/keyval.sty
Package: keyval 1999/03/16 v1.13 key=value parser (DPC)
\KV@toks@=\toks14
)
(/usr/share/texlive/texmf-dist/tex/generic/oberdiek/ifpdf.sty
Package: ifpdf 2011/01/30 v2.3 Provides the ifpdf switch (HO)
Package ifpdf Info: pdfTeX in PDF mode is detected.
)
(/usr/share/texlive/texmf-dist/tex/generic/oberdiek/ifvtex.sty
Package: ifvtex 2010/03/01 v1.5 Detect VTeX and its facilities (HO)
Package ifvtex Info: VTeX not detected.
)
(/usr/share/texlive/texmf-dist/tex/generic/ifxetex/ifxetex.sty
Package: ifxetex 2010/09/12 v0.6 Provides ifxetex conditional
)
\Gm@cnth=\count87
\Gm@cntv=\count88
\c@Gm@tempcnt=\count89
\Gm@bindingoffset=\dimen103
\Gm@wd@mp=\dimen104
\Gm@odd@mp=\dimen105
\Gm@even@mp=\dimen106
\Gm@layoutwidth=\dimen107
\Gm@layoutheight=\dimen108
\Gm@layouthoffset=\dimen109
\Gm@layoutvoffset=\dimen110
\Gm@dimlist=\toks15
)
(/usr/share/texlive/texmf-dist/tex/latex/amsmath/amsmath.sty
Package: amsmath 2013/01/14 v2.14 AMS math features
\@mathmargin=\skip43

For additional information on amsmath, use the `?' option.
(/usr/share/texlive/texmf-dist/tex/latex/amsmath/amstext.sty
Package: amstext 2000/06/29 v2.01

(/usr/share/texlive/texmf-dist/tex/latex/amsmath/amsgen.sty
File: amsgen.sty 1999/11/30 v2.0
\@emptytoks=\toks16
\ex@=\dimen111
))
(/usr/share/texlive/texmf-dist/tex/latex/amsmath/amsbsy.sty
Package: amsbsy 1999/11/29 v1.2d
\pmbraise@=\dimen112
)
(/usr/share/texlive/texmf-dist/tex/latex/amsmath/amsopn.sty
Package: amsopn 1999/12/14 v2.01 operator names
)
\inf@bad=\count90
LaTeX Info: Redefining \frac on input line 210.
\uproot@=\count91
\leftroot@=\count92
LaTeX Info: Redefining \overline on input line 306.
\classnum@=\count93
\DOTSCASE@=\count94
LaTeX Info: Redefining \ldots on input line 378.
LaTeX Info: Redefining \dots on input line 381.
LaTeX Info: Redefining \cdots on input line 466.
\Mathstrutbox@=\box26
\strutbox@=\box27
\big@size=\dimen113
LaTeX Font Info:    Redeclaring font encoding OML on input line 566.
LaTeX Font Info:    Redeclaring font encoding OMS on input line 567.
\macc@depth=\count95
\c@MaxMatrixCols=\count96
\dotsspace@=\muskip10
\c@parentequation=\count97
\dspbrk@lvl=\count98
\tag@help=\toks17
\row@=\count99
\column@=\count100
\maxfields@=\count101
\andhelp@=\toks18
\eqnshift@=\dimen114
\alignsep@=\dimen115
\tagshift@=\dimen116
\tagwidth@=\dimen117
\totwidth@=\dimen118
\lineht@=\dimen119
\@envbody=\toks19
\multlinegap=\skip44
\multlinetaggap=\skip45
\mathdisplay@stack=\toks20
LaTeX Info: Redefining \[ on input line 2665.
LaTeX Info: Redefining \] on input line 2666.
)
(/usr/share/texlive/texmf-dist/tex/latex/amsfonts/amssymb.sty
Package: amssymb 2013/01/14 v3.01 AMS font symbols

(/usr/share/texlive/texmf-dist/tex/latex/amsfonts/amsfonts.sty
Package: amsfonts 2013/01/14 v3.01 Basic AMSFonts support
\symAMSa=\mathgroup4
\symAMSb=\mathgroup5
LaTeX Font Info:    Overwriting math alphabet `\mathfrak' in version `bold'
(Font)                  U/euf/m/n --> U/euf/b/n on input line 106.
))
(/usr/share/texlive/texmf-dist/tex/latex/was/gensymb.sty
Package: gensymb 2003/07/02 v1.0 (WaS)
)
(/usr/share/texmf/tex/latex/xcolor/xcolor.sty
Package: xcolor 2007/01/21 v2.11 LaTeX color extensions (UK)

(/usr/share/texlive/texmf-dist/tex/latex/latexconfig/color.cfg
File: color.cfg 2007/01/18 v1.5 color configuration of teTeX/TeXLive
)
Package xcolor Info: Driver file: pdftex.def on input line 225.

(/usr/share/texlive/texmf-dist/tex/latex/pdftex-def/pdftex.def
File: pdftex.def 2011/05/27 v0.06d Graphics/color for pdfTeX

(/usr/share/texlive/texmf-dist/tex/generic/oberdiek/infwarerr.sty
Package: infwarerr 2010/04/08 v1.3 Providing info/warning/error messages (HO)
)
(/usr/share/texlive/texmf-dist/tex/generic/oberdiek/ltxcmds.sty
Package: ltxcmds 2011/11/09 v1.22 LaTeX kernel commands for general use (HO)
)
\Gread@gobject=\count102
)
Package xcolor Info: Model `cmy' substituted by `cmy0' on input line 1337.
Package xcolor Info: Model `hsb' substituted by `rgb' on input line 1341.
Package xcolor Info: Model `RGB' extended on input line 1353.
Package xcolor Info: Model `HTML' substituted by `rgb' on input line 1355.
Package xcolor Info: Model `Hsb' substituted by `hsb' on input line 1356.
Package xcolor Info: Model `tHsb' substituted by `hsb' on input line 1357.
Package xcolor Info: Model `HSB' substituted by `hsb' on input line 1358.
Package xcolor Info: Model `Gray' substituted by `gray' on input line 1359.
Package xcolor Info: Model `wave' substituted by `hsb' on input line 1360.

(/usr/share/texlive/texmf-dist/tex/latex/graphics/dvipsnam.def
File: dvipsnam.def 1999/02/16 v3.0i Driver-dependant file (DPC,SPQR)
))
(/usr/share/texlive/texmf-dist/tex/latex/graphics/graphicx.sty
Package: graphicx 1999/02/16 v1.0f Enhanced LaTeX Graphics (DPC,SPQR)

(/usr/share/texlive/texmf-dist/tex/latex/graphics/graphics.sty
Package: graphics 2009/02/05 v1.0o Standard LaTeX Graphics (DPC,SPQR)

(/usr/share/texlive/texmf-dist/tex/latex/graphics/trig.sty
Package: trig 1999/03/16 v1.09 sin cos tan (DPC)
)
(/usr/share/texlive/texmf-dist/tex/latex/latexconfig/graphics.cfg
File: graphics.cfg 2010/04/23 v1.9 graphics configuration of TeX Live
)
Package graphics Info: Driver file: pdftex.def on input line 91.
)
\Gin@req@height=\dimen120
\Gin@req@width=\dimen121
)
(/usr/share/texlive/texmf-dist/tex/latex/wrapfig/wrapfig.sty
\wrapoverhang=\dimen122
\WF@size=\dimen123
\c@WF@wrappedlines=\count103
\WF@box=\box28
\WF@everypar=\toks21
Package: wrapfig 2003/01/31  v 3.6
)
(/usr/share/texlive/texmf-dist/tex/latex/caption/caption.sty
Package: caption 2013/05/02 v3.3-89 Customizing captions (AR)

(/usr/share/texlive/texmf-dist/tex/latex/caption/caption3.sty
Package: caption3 2013/05/02 v1.6-88 caption3 kernel (AR)
Package caption3 Info: TeX engine: e-TeX on input line 57.
\captionmargin=\dimen124
\captionmargin@=\dimen125
\captionwidth=\dimen126
\caption@tempdima=\dimen127
\caption@indent=\dimen128
\caption@parindent=\dimen129
\caption@hangindent=\dimen130
)
\c@ContinuedFloat=\count104
Package caption Info: wrapfig package is loaded.
)
(/usr/share/texlive/texmf-dist/tex/latex/caption/subcaption.sty
Package: subcaption 2013/02/03 v1.1-62 Sub-captions (AR)
\c@subfigure=\count105
\c@subtable=\count106
)
(/usr/share/texlive/texmf-dist/tex/latex/appendix/appendix.sty
Package: appendix 2009/09/02 v1.2b extra appendix facilities
\c@@pps=\count107
\c@@ppsavesec=\count108
\c@@ppsaveapp=\count109
)
(/usr/share/texlive/texmf-dist/tex/latex/booktabs/booktabs.sty
Package: booktabs 2005/04/14 v1.61803 publication quality tables
\heavyrulewidth=\dimen131
\lightrulewidth=\dimen132
\cmidrulewidth=\dimen133
\belowrulesep=\dimen134
\belowbottomsep=\dimen135
\aboverulesep=\dimen136
\abovetopsep=\dimen137
\cmidrulesep=\dimen138
\cmidrulekern=\dimen139
\defaultaddspace=\dimen140
\@cmidla=\count110
\@cmidlb=\count111
\@aboverulesep=\dimen141
\@belowrulesep=\dimen142
\@thisruleclass=\count112
\@lastruleclass=\count113
\@thisrulewidth=\dimen143
)
(/usr/share/texlive/texmf-dist/tex/latex/cleveref/cleveref.sty
Package: cleveref 2013/12/28 v0.19 Intelligent cross-referencing
)
(/usr/share/texlive/texmf-dist/tex/latex/floatrow/floatrow.sty
Package: floatrow 2008/08/02 v0.3b floatrow: float package extension
\c@float@type=\count114
\float@exts=\toks22
\float@box=\box29
\@floatcapt=\box30
Package floatrow Info: Modified float package code loaded on input line 455.
Package floatrow Info: Modified rotfloat package code loaded on input line 473.

\FR@everyfloat=\toks23
\flrow@foot=\insert233
\FB@wd=\dimen144
\FBo@wd=\dimen145
\FBc@wd=\dimen146
\FBo@ht=\skip46
\FBc@ht=\skip47
\FBf@ht=\skip48
\FBo@max=\skip49
\FBc@max=\skip50
\FBf@max=\skip51
\c@FBl@b=\count115
\floatbox@depth=\count116
\c@FRobj=\count117
\c@FRsobj=\count118
\Xhsize=\skip52
\sXhsize=\skip53
\Zhsize=\skip54
\sZhsize=\skip55
\flrow@rowbox=\box31
\FR@Zunitlength=\dimen147
\c@FBcnt=\count119
\FPOScnt=\count120
\LTleft=\skip56
\LTright=\skip57
\LTleft=\skip58
\LTright=\skip59
\flrow@types=\toks24
)
(/usr/share/texlive/texmf-dist/tex/latex/listings/listings.sty
\lst@mode=\count121
\lst@gtempboxa=\box32
\lst@token=\toks25
\lst@length=\count122
\lst@currlwidth=\dimen148
\lst@column=\count123
\lst@pos=\count124
\lst@lostspace=\dimen149
\lst@width=\dimen150
\lst@newlines=\count125
\lst@lineno=\count126
\lst@maxwidth=\dimen151

(/usr/share/texlive/texmf-dist/tex/latex/listings/lstmisc.sty
File: lstmisc.sty 2013/08/26 1.5b (Carsten Heinz)
\c@lstnumber=\count127
\lst@skipnumbers=\count128
\lst@framebox=\box33
)
(/usr/share/texlive/texmf-dist/tex/latex/listings/listings.cfg
File: listings.cfg 2013/08/26 1.5b listings configuration
))
Package: listings 2013/08/26 1.5b (Carsten Heinz)

(/usr/share/texlive/texmf-dist/tex/latex/multirow/multirow.sty
\bigstrutjot=\dimen152
)
(/usr/share/texlive/texmf-dist/tex/latex/tools/array.sty
Package: array 2008/09/09 v2.4c Tabular extension package (FMi)
\col@sep=\dimen153
\extrarowheight=\dimen154
\NC@list=\toks26
\extratabsurround=\skip60
\backup@length=\skip61
)
(/usr/share/texlive/texmf-dist/tex/latex/enumitem/enumitem.sty
Package: enumitem 2011/09/28 v3.5.2 Customized lists
\labelindent=\skip62
\enit@outerparindent=\dimen155
\enit@toks=\toks27
\enit@inbox=\box34
\enitdp@description=\count129
)
(/usr/share/texlive/texmf-dist/tex/latex/placeins/placeins.sty
Package: placeins 2005/04/18  v 2.2
)
(/usr/share/texlive/texmf-dist/tex/latex/tools/multicol.sty
Package: multicol 2011/06/27 v1.7a multicolumn formatting (FMi)
\c@tracingmulticols=\count130
\mult@box=\box35
\multicol@leftmargin=\dimen156
\c@unbalance=\count131
\c@collectmore=\count132
\doublecol@number=\count133
\multicoltolerance=\count134
\multicolpretolerance=\count135
\full@width=\dimen157
\page@free=\dimen158
\premulticols=\dimen159
\postmulticols=\dimen160
\multicolsep=\skip63
\multicolbaselineskip=\skip64
\partial@page=\box36
\last@line=\box37
\mult@rightbox=\box38
\mult@grightbox=\box39
\mult@gfirstbox=\box40
\mult@firstbox=\box41
\@tempa=\box42
\@tempa=\box43
\@tempa=\box44
\@tempa=\box45
\@tempa=\box46
\@tempa=\box47
\@tempa=\box48
\@tempa=\box49
\@tempa=\box50
\@tempa=\box51
\@tempa=\box52
\@tempa=\box53
\@tempa=\box54
\@tempa=\box55
\@tempa=\box56
\@tempa=\box57
\@tempa=\box58
\c@columnbadness=\count136
\c@finalcolumnbadness=\count137
\last@try=\dimen161
\multicolovershoot=\dimen162
\multicolundershoot=\dimen163
\mult@nat@firstbox=\box59
\colbreak@box=\box60
\multicol@sort@counter=\count138
)
(/usr/share/texlive/texmf-dist/tex/latex/hyperref/hyperref.sty
Package: hyperref 2012/11/06 v6.83m Hypertext links for LaTeX

(/usr/share/texlive/texmf-dist/tex/generic/oberdiek/hobsub-hyperref.sty
Package: hobsub-hyperref 2012/05/28 v1.13 Bundle oberdiek, subset hyperref (HO)


(/usr/share/texlive/texmf-dist/tex/generic/oberdiek/hobsub-generic.sty
Package: hobsub-generic 2012/05/28 v1.13 Bundle oberdiek, subset generic (HO)
Package: hobsub 2012/05/28 v1.13 Construct package bundles (HO)
Package hobsub Info: Skipping package `infwarerr' (already loaded).
Package hobsub Info: Skipping package `ltxcmds' (already loaded).
Package: ifluatex 2010/03/01 v1.3 Provides the ifluatex switch (HO)
Package ifluatex Info: LuaTeX not detected.
Package hobsub Info: Skipping package `ifvtex' (already loaded).
Package: intcalc 2007/09/27 v1.1 Expandable calculations with integers (HO)
Package hobsub Info: Skipping package `ifpdf' (already loaded).
Package: etexcmds 2011/02/16 v1.5 Avoid name clashes with e-TeX commands (HO)
Package etexcmds Info: Could not find \expanded.
(etexcmds)             That can mean that you are not using pdfTeX 1.50 or
(etexcmds)             that some package has redefined \expanded.
(etexcmds)             In the latter case, load this package earlier.
Package: kvsetkeys 2012/04/25 v1.16 Key value parser (HO)
Package: kvdefinekeys 2011/04/07 v1.3 Define keys (HO)
Package: pdftexcmds 2011/11/29 v0.20 Utility functions of pdfTeX for LuaTeX (HO
)
Package pdftexcmds Info: LuaTeX not detected.
Package pdftexcmds Info: \pdf@primitive is available.
Package pdftexcmds Info: \pdf@ifprimitive is available.
Package pdftexcmds Info: \pdfdraftmode found.
Package: pdfescape 2011/11/25 v1.13 Implements pdfTeX's escape features (HO)
Package: bigintcalc 2012/04/08 v1.3 Expandable calculations on big integers (HO
)
Package: bitset 2011/01/30 v1.1 Handle bit-vector datatype (HO)
Package: uniquecounter 2011/01/30 v1.2 Provide unlimited unique counter (HO)
)
Package hobsub Info: Skipping package `hobsub' (already loaded).
Package: letltxmacro 2010/09/02 v1.4 Let assignment for LaTeX macros (HO)
Package: hopatch 2012/05/28 v1.2 Wrapper for package hooks (HO)
Package: xcolor-patch 2011/01/30 xcolor patch
Package: atveryend 2011/06/30 v1.8 Hooks at the very end of document (HO)
Package atveryend Info: \enddocument detected (standard20110627).
Package: atbegshi 2011/10/05 v1.16 At begin shipout hook (HO)
Package: refcount 2011/10/16 v3.4 Data extraction from label references (HO)
Package: hycolor 2011/01/30 v1.7 Color options for hyperref/bookmark (HO)
)
(/usr/share/texlive/texmf-dist/tex/latex/oberdiek/auxhook.sty
Package: auxhook 2011/03/04 v1.3 Hooks for auxiliary files (HO)
)
(/usr/share/texlive/texmf-dist/tex/latex/oberdiek/kvoptions.sty
Package: kvoptions 2011/06/30 v3.11 Key value format for package options (HO)
)
\@linkdim=\dimen164
\Hy@linkcounter=\count139
\Hy@pagecounter=\count140

(/usr/share/texlive/texmf-dist/tex/latex/hyperref/pd1enc.def
File: pd1enc.def 2012/11/06 v6.83m Hyperref: PDFDocEncoding definition (HO)
)
\Hy@SavedSpaceFactor=\count141

(/usr/share/texlive/texmf-dist/tex/latex/latexconfig/hyperref.cfg
File: hyperref.cfg 2002/06/06 v1.2 hyperref configuration of TeXLive
)
Package hyperref Info: Hyper figures OFF on input line 4443.
Package hyperref Info: Link nesting OFF on input line 4448.
Package hyperref Info: Hyper index ON on input line 4451.
Package hyperref Info: Plain pages OFF on input line 4458.
Package hyperref Info: Backreferencing OFF on input line 4463.
Package hyperref Info: Implicit mode ON; LaTeX internals redefined.
Package hyperref Info: Bookmarks ON on input line 4688.
\c@Hy@tempcnt=\count142

(/usr/share/texlive/texmf-dist/tex/latex/url/url.sty
\Urlmuskip=\muskip11
Package: url 2013/09/16  ver 3.4  Verb mode for urls, etc.
)
LaTeX Info: Redefining \url on input line 5041.
\XeTeXLinkMargin=\dimen165
\Fld@menulength=\count143
\Field@Width=\dimen166
\Fld@charsize=\dimen167
Package hyperref Info: Hyper figures OFF on input line 6295.
Package hyperref Info: Link nesting OFF on input line 6300.
Package hyperref Info: Hyper index ON on input line 6303.
Package hyperref Info: backreferencing OFF on input line 6310.
Package hyperref Info: Link coloring OFF on input line 6315.
Package hyperref Info: Link coloring with OCG OFF on input line 6320.
Package hyperref Info: PDF/A mode OFF on input line 6325.
LaTeX Info: Redefining \ref on input line 6365.
LaTeX Info: Redefining \pageref on input line 6369.
\Hy@abspage=\count144
\c@Item=\count145
\c@Hfootnote=\count146
)

Package hyperref Message: Driver (autodetected): hpdftex.

(/usr/share/texlive/texmf-dist/tex/latex/hyperref/hpdftex.def
File: hpdftex.def 2012/11/06 v6.83m Hyperref driver for pdfTeX
\Fld@listcount=\count147
\c@bookmark@seq@number=\count148

(/usr/share/texlive/texmf-dist/tex/latex/oberdiek/rerunfilecheck.sty
Package: rerunfilecheck 2011/04/15 v1.7 Rerun checks for auxiliary files (HO)
Package uniquecounter Info: New unique counter `rerunfilecheck' on input line 2
82.
)
\Hy@SectionHShift=\skip65
)
(/usr/share/texmf/tex/latex/pgf/frontendlayer/tikz.sty
(/usr/share/texmf/tex/latex/pgf/basiclayer/pgf.sty
(/usr/share/texmf/tex/latex/pgf/utilities/pgfrcs.sty
(/usr/share/texmf/tex/generic/pgf/utilities/pgfutil-common.tex
\pgfutil@everybye=\toks28
)
(/usr/share/texmf/tex/generic/pgf/utilities/pgfutil-latex.def
\pgfutil@abb=\box61

(/usr/share/texlive/texmf-dist/tex/latex/ms/everyshi.sty
Package: everyshi 2001/05/15 v3.00 EveryShipout Package (MS)
))
(/usr/share/texmf/tex/generic/pgf/utilities/pgfrcs.code.tex
Package: pgfrcs 2010/10/25 v2.10 (rcs-revision 1.24)
))
Package: pgf 2008/01/15 v2.10 (rcs-revision 1.12)

(/usr/share/texmf/tex/latex/pgf/basiclayer/pgfcore.sty
(/usr/share/texmf/tex/latex/pgf/systemlayer/pgfsys.sty
(/usr/share/texmf/tex/generic/pgf/systemlayer/pgfsys.code.tex
Package: pgfsys 2010/06/30 v2.10 (rcs-revision 1.37)

(/usr/share/texmf/tex/generic/pgf/utilities/pgfkeys.code.tex
\pgfkeys@pathtoks=\toks29
\pgfkeys@temptoks=\toks30

(/usr/share/texmf/tex/generic/pgf/utilities/pgfkeysfiltered.code.tex
\pgfkeys@tmptoks=\toks31
))
\pgf@x=\dimen168
\pgf@y=\dimen169
\pgf@xa=\dimen170
\pgf@ya=\dimen171
\pgf@xb=\dimen172
\pgf@yb=\dimen173
\pgf@xc=\dimen174
\pgf@yc=\dimen175
\w@pgf@writea=\write3
\r@pgf@reada=\read1
\c@pgf@counta=\count149
\c@pgf@countb=\count150
\c@pgf@countc=\count151
\c@pgf@countd=\count152

(/usr/share/texmf/tex/generic/pgf/systemlayer/pgf.cfg
File: pgf.cfg 2008/05/14  (rcs-revision 1.7)
)
Package pgfsys Info: Driver file for pgf: pgfsys-pdftex.def on input line 900.

(/usr/share/texmf/tex/generic/pgf/systemlayer/pgfsys-pdftex.def
File: pgfsys-pdftex.def 2009/05/22  (rcs-revision 1.26)

(/usr/share/texmf/tex/generic/pgf/systemlayer/pgfsys-common-pdf.def
File: pgfsys-common-pdf.def 2008/05/19  (rcs-revision 1.10)
)))
(/usr/share/texmf/tex/generic/pgf/systemlayer/pgfsyssoftpath.code.tex
File: pgfsyssoftpath.code.tex 2008/07/18  (rcs-revision 1.7)
\pgfsyssoftpath@smallbuffer@items=\count153
\pgfsyssoftpath@bigbuffer@items=\count154
)
(/usr/share/texmf/tex/generic/pgf/systemlayer/pgfsysprotocol.code.tex
File: pgfsysprotocol.code.tex 2006/10/16  (rcs-revision 1.4)
))
(/usr/share/texmf/tex/generic/pgf/basiclayer/pgfcore.code.tex
Package: pgfcore 2010/04/11 v2.10 (rcs-revision 1.7)

(/usr/share/texmf/tex/generic/pgf/math/pgfmath.code.tex
(/usr/share/texmf/tex/generic/pgf/math/pgfmathcalc.code.tex
(/usr/share/texmf/tex/generic/pgf/math/pgfmathutil.code.tex)
(/usr/share/texmf/tex/generic/pgf/math/pgfmathparser.code.tex
\pgfmath@dimen=\dimen176
\pgfmath@count=\count155
\pgfmath@box=\box62
\pgfmath@toks=\toks32
\pgfmath@stack@operand=\toks33
\pgfmath@stack@operation=\toks34
)
(/usr/share/texmf/tex/generic/pgf/math/pgfmathfunctions.code.tex
(/usr/share/texmf/tex/generic/pgf/math/pgfmathfunctions.basic.code.tex)
(/usr/share/texmf/tex/generic/pgf/math/pgfmathfunctions.trigonometric.code.tex)
(/usr/share/texmf/tex/generic/pgf/math/pgfmathfunctions.random.code.tex)
(/usr/share/texmf/tex/generic/pgf/math/pgfmathfunctions.comparison.code.tex)
(/usr/share/texmf/tex/generic/pgf/math/pgfmathfunctions.base.code.tex)
(/usr/share/texmf/tex/generic/pgf/math/pgfmathfunctions.round.code.tex)
(/usr/share/texmf/tex/generic/pgf/math/pgfmathfunctions.misc.code.tex)))
(/usr/share/texmf/tex/generic/pgf/math/pgfmathfloat.code.tex
\c@pgfmathroundto@lastzeros=\count156
))
(/usr/share/texmf/tex/generic/pgf/basiclayer/pgfcorepoints.code.tex
File: pgfcorepoints.code.tex 2010/04/09  (rcs-revision 1.20)
\pgf@picminx=\dimen177
\pgf@picmaxx=\dimen178
\pgf@picminy=\dimen179
\pgf@picmaxy=\dimen180
\pgf@pathminx=\dimen181
\pgf@pathmaxx=\dimen182
\pgf@pathminy=\dimen183
\pgf@pathmaxy=\dimen184
\pgf@xx=\dimen185
\pgf@xy=\dimen186
\pgf@yx=\dimen187
\pgf@yy=\dimen188
\pgf@zx=\dimen189
\pgf@zy=\dimen190
)
(/usr/share/texmf/tex/generic/pgf/basiclayer/pgfcorepathconstruct.code.tex
File: pgfcorepathconstruct.code.tex 2010/08/03  (rcs-revision 1.24)
\pgf@path@lastx=\dimen191
\pgf@path@lasty=\dimen192
)
(/usr/share/texmf/tex/generic/pgf/basiclayer/pgfcorepathusage.code.tex
File: pgfcorepathusage.code.tex 2008/04/22  (rcs-revision 1.12)
\pgf@shorten@end@additional=\dimen193
\pgf@shorten@start@additional=\dimen194
)
(/usr/share/texmf/tex/generic/pgf/basiclayer/pgfcorescopes.code.tex
File: pgfcorescopes.code.tex 2010/09/08  (rcs-revision 1.34)
\pgfpic=\box63
\pgf@hbox=\box64
\pgf@layerbox@main=\box65
\pgf@picture@serial@count=\count157
)
(/usr/share/texmf/tex/generic/pgf/basiclayer/pgfcoregraphicstate.code.tex
File: pgfcoregraphicstate.code.tex 2008/04/22  (rcs-revision 1.9)
\pgflinewidth=\dimen195
)
(/usr/share/texmf/tex/generic/pgf/basiclayer/pgfcoretransformations.code.tex
File: pgfcoretransformations.code.tex 2009/06/10  (rcs-revision 1.11)
\pgf@pt@x=\dimen196
\pgf@pt@y=\dimen197
\pgf@pt@temp=\dimen198
)
(/usr/share/texmf/tex/generic/pgf/basiclayer/pgfcorequick.code.tex
File: pgfcorequick.code.tex 2008/10/09  (rcs-revision 1.3)
)
(/usr/share/texmf/tex/generic/pgf/basiclayer/pgfcoreobjects.code.tex
File: pgfcoreobjects.code.tex 2006/10/11  (rcs-revision 1.2)
)
(/usr/share/texmf/tex/generic/pgf/basiclayer/pgfcorepathprocessing.code.tex
File: pgfcorepathprocessing.code.tex 2008/10/09  (rcs-revision 1.8)
)
(/usr/share/texmf/tex/generic/pgf/basiclayer/pgfcorearrows.code.tex
File: pgfcorearrows.code.tex 2008/04/23  (rcs-revision 1.11)
)
(/usr/share/texmf/tex/generic/pgf/basiclayer/pgfcoreshade.code.tex
File: pgfcoreshade.code.tex 2008/11/23  (rcs-revision 1.13)
\pgf@max=\dimen199
\pgf@sys@shading@range@num=\count158
)
(/usr/share/texmf/tex/generic/pgf/basiclayer/pgfcoreimage.code.tex
File: pgfcoreimage.code.tex 2010/03/25  (rcs-revision 1.16)

(/usr/share/texmf/tex/generic/pgf/basiclayer/pgfcoreexternal.code.tex
File: pgfcoreexternal.code.tex 2010/09/01  (rcs-revision 1.17)
\pgfexternal@startupbox=\box66
))
(/usr/share/texmf/tex/generic/pgf/basiclayer/pgfcorelayers.code.tex
File: pgfcorelayers.code.tex 2010/08/27  (rcs-revision 1.2)
)
(/usr/share/texmf/tex/generic/pgf/basiclayer/pgfcoretransparency.code.tex
File: pgfcoretransparency.code.tex 2008/01/17  (rcs-revision 1.2)
)
(/usr/share/texmf/tex/generic/pgf/basiclayer/pgfcorepatterns.code.tex
File: pgfcorepatterns.code.tex 2009/07/02  (rcs-revision 1.3)
)))
(/usr/share/texmf/tex/generic/pgf/modules/pgfmoduleshapes.code.tex
File: pgfmoduleshapes.code.tex 2010/09/09  (rcs-revision 1.13)
\pgfnodeparttextbox=\box67
)
(/usr/share/texmf/tex/generic/pgf/modules/pgfmoduleplot.code.tex
File: pgfmoduleplot.code.tex 2010/10/22  (rcs-revision 1.8)
)
(/usr/share/texmf/tex/latex/pgf/compatibility/pgfcomp-version-0-65.sty
Package: pgfcomp-version-0-65 2007/07/03 v2.10 (rcs-revision 1.7)
\pgf@nodesepstart=\dimen200
\pgf@nodesepend=\dimen201
)
(/usr/share/texmf/tex/latex/pgf/compatibility/pgfcomp-version-1-18.sty
Package: pgfcomp-version-1-18 2007/07/23 v2.10 (rcs-revision 1.1)
))
(/usr/share/texmf/tex/latex/pgf/utilities/pgffor.sty
(/usr/share/texmf/tex/latex/pgf/utilities/pgfkeys.sty
(/usr/share/texmf/tex/generic/pgf/utilities/pgfkeys.code.tex))
(/usr/share/texmf/tex/generic/pgf/utilities/pgffor.code.tex
Package: pgffor 2010/03/23 v2.10 (rcs-revision 1.18)
\pgffor@iter=\dimen202
\pgffor@skip=\dimen203
\pgffor@stack=\toks35
\pgffor@toks=\toks36
))
(/usr/share/texmf/tex/generic/pgf/frontendlayer/tikz/tikz.code.tex
Package: tikz 2010/10/13 v2.10 (rcs-revision 1.76)

(/usr/share/texmf/tex/generic/pgf/libraries/pgflibraryplothandlers.code.tex
File: pgflibraryplothandlers.code.tex 2010/05/31 v2.10 (rcs-revision 1.15)
\pgf@plot@mark@count=\count159
\pgfplotmarksize=\dimen204
)
\tikz@lastx=\dimen205
\tikz@lasty=\dimen206
\tikz@lastxsaved=\dimen207
\tikz@lastysaved=\dimen208
\tikzleveldistance=\dimen209
\tikzsiblingdistance=\dimen210
\tikz@figbox=\box68
\tikz@tempbox=\box69
\tikztreelevel=\count160
\tikznumberofchildren=\count161
\tikznumberofcurrentchild=\count162
\tikz@fig@count=\count163

(/usr/share/texmf/tex/generic/pgf/modules/pgfmodulematrix.code.tex
File: pgfmodulematrix.code.tex 2010/08/24  (rcs-revision 1.4)
\pgfmatrixcurrentrow=\count164
\pgfmatrixcurrentcolumn=\count165
\pgf@matrix@numberofcolumns=\count166
)
\tikz@expandcount=\count167

(/usr/share/texmf/tex/generic/pgf/frontendlayer/tikz/libraries/tikzlibrarytopat
hs.code.tex
File: tikzlibrarytopaths.code.tex 2008/06/17 v2.10 (rcs-revision 1.2)
)))
(/usr/share/texmf/tex/generic/pgf/frontendlayer/tikz/libraries/tikzlibraryshape
s.code.tex
File: tikzlibraryshapes.code.tex 2008/01/09 v2.10 (rcs-revision 1.1)

(/usr/share/texmf/tex/generic/pgf/frontendlayer/tikz/libraries/tikzlibraryshape
s.geometric.code.tex
File: tikzlibraryshapes.geometric.code.tex 2008/01/09 v2.10 (rcs-revision 1.1)

(/usr/share/texmf/tex/generic/pgf/libraries/shapes/pgflibraryshapes.geometric.c
ode.tex
File: pgflibraryshapes.geometric.code.tex 2008/06/26 v2.10 (rcs-revision 1.1)
))
(/usr/share/texmf/tex/generic/pgf/frontendlayer/tikz/libraries/tikzlibraryshape
s.misc.code.tex
File: tikzlibraryshapes.misc.code.tex 2008/01/09 v2.10 (rcs-revision 1.1)

(/usr/share/texmf/tex/generic/pgf/libraries/shapes/pgflibraryshapes.misc.code.t
ex
File: pgflibraryshapes.misc.code.tex 2008/10/07 v2.10 (rcs-revision 1.3)
))
(/usr/share/texmf/tex/generic/pgf/frontendlayer/tikz/libraries/tikzlibraryshape
s.symbols.code.tex
File: tikzlibraryshapes.symbols.code.tex 2008/01/09 v2.10 (rcs-revision 1.1)

(/usr/share/texmf/tex/generic/pgf/libraries/shapes/pgflibraryshapes.symbols.cod
e.tex
File: pgflibraryshapes.symbols.code.tex 2009/10/27 v2.10 (rcs-revision 1.3)
))
(/usr/share/texmf/tex/generic/pgf/frontendlayer/tikz/libraries/tikzlibraryshape
s.arrows.code.tex
File: tikzlibraryshapes.arrows.code.tex 2008/01/09 v2.10 (rcs-revision 1.1)

(/usr/share/texmf/tex/generic/pgf/libraries/shapes/pgflibraryshapes.arrows.code
.tex
File: pgflibraryshapes.arrows.code.tex 2008/06/26 v2.10 (rcs-revision 1.1)
))
(/usr/share/texmf/tex/generic/pgf/frontendlayer/tikz/libraries/tikzlibraryshape
s.callouts.code.tex
(/usr/share/texmf/tex/generic/pgf/libraries/shapes/pgflibraryshapes.callouts.co
de.tex))
(/usr/share/texmf/tex/generic/pgf/frontendlayer/tikz/libraries/tikzlibraryshape
s.multipart.code.tex
File: tikzlibraryshapes.multipart.code.tex 2008/01/09 v2.10 (rcs-revision 1.1)

(/usr/share/texmf/tex/generic/pgf/libraries/shapes/pgflibraryshapes.multipart.c
ode.tex
File: pgflibraryshapes.multipart.code.tex 2010/01/07 v2.10 (rcs-revision 1.2)
\pgfnodepartlowerbox=\box70
\pgfnodeparttwobox=\box71
\pgfnodepartthreebox=\box72
\pgfnodepartfourbox=\box73
\pgfnodeparttwentybox=\box74
\pgfnodepartnineteenbox=\box75
\pgfnodeparteighteenbox=\box76
\pgfnodepartseventeenbox=\box77
\pgfnodepartsixteenbox=\box78
\pgfnodepartfifteenbox=\box79
\pgfnodepartfourteenbox=\box80
\pgfnodepartthirteenbox=\box81
\pgfnodeparttwelvebox=\box82
\pgfnodepartelevenbox=\box83
\pgfnodeparttenbox=\box84
\pgfnodepartninebox=\box85
\pgfnodeparteightbox=\box86
\pgfnodepartsevenbox=\box87
\pgfnodepartsixbox=\box88
\pgfnodepartfivebox=\box89
)))
(/usr/share/texmf/tex/generic/pgf/frontendlayer/tikz/libraries/tikzlibraryarrow
s.code.tex
File: tikzlibraryarrows.code.tex 2008/01/09 v2.10 (rcs-revision 1.1)

(/usr/share/texmf/tex/generic/pgf/libraries/pgflibraryarrows.code.tex
File: pgflibraryarrows.code.tex 2008/10/27 v2.10 (rcs-revision 1.9)
\arrowsize=\dimen211
))
(/usr/share/texmf/tex/generic/pgf/frontendlayer/tikz/libraries/tikzlibrarydecor
ations.markings.code.tex
(/usr/share/texmf/tex/generic/pgf/frontendlayer/tikz/libraries/tikzlibrarydecor
ations.code.tex
(/usr/share/texmf/tex/generic/pgf/modules/pgfmoduledecorations.code.tex
\pgfdecoratedcompleteddistance=\dimen212
\pgfdecoratedremainingdistance=\dimen213
\pgfdecoratedinputsegmentcompleteddistance=\dimen214
\pgfdecoratedinputsegmentremainingdistance=\dimen215
\pgf@decorate@distancetomove=\dimen216
\pgf@decorate@repeatstate=\count168
\pgfdecorationsegmentamplitude=\dimen217
\pgfdecorationsegmentlength=\dimen218
)
\tikz@lib@dec@box=\box90
)
(/usr/share/texmf/tex/generic/pgf/libraries/decorations/pgflibrarydecorations.m
arkings.code.tex))
(/usr/share/texlive/texmf-dist/tex/latex/pgfplots/pgfplots.sty
(/usr/share/texlive/texmf-dist/tex/generic/pgfplots/pgfplots.revision.tex)
Package: pgfplots 2013/10/03 v1.9 Data Visualization (1.9)

(/usr/share/texlive/texmf-dist/tex/generic/pgfplots/pgfplots.code.tex
(/usr/share/texlive/texmf-dist/tex/generic/pgfplots/pgfplotscore.code.tex
\t@pgfplots@toka=\toks37
\t@pgfplots@tokb=\toks38
\t@pgfplots@tokc=\toks39
\pgfplots@tmpa=\dimen219
\c@pgfplots@coordindex=\count169
\c@pgfplots@scanlineindex=\count170

(/usr/share/texlive/texmf-dist/tex/generic/pgfplots/sys/pgfplotssysgeneric.code
.tex))
(/usr/share/texlive/texmf-dist/tex/generic/pgfplots/libs/pgfplotslibrary.code.t
ex)
(/usr/share/texlive/texmf-dist/tex/generic/pgfplots/oldpgfcompatib/pgfplotsoldp
gfsupp_loader.code.tex
Package pgfplots: loading complementary code for your PGF version...

(/usr/share/texlive/texmf-dist/tex/generic/pgfplots/oldpgfcompatib/pgfplotsoldp
gfsupp_misc.code.tex)
(/usr/share/texlive/texmf-dist/tex/generic/pgfplots/oldpgfcompatib/pgfplotsoldp
gfsupp_pgfkeys.code.tex
\pgfkeys@pathtoks=\toks40
\pgfkeys@temptoks=\toks41

(/usr/share/texlive/texmf-dist/tex/generic/pgfplots/oldpgfcompatib/pgfplotsoldp
gfsupp_pgfkeysfiltered.code.tex
\pgfkeys@tmptoks=\toks42
))
(/usr/share/texlive/texmf-dist/tex/generic/pgfplots/oldpgfcompatib/pgfplotsoldp
gfsupp_pgfmathfloat.code.tex
\c@pgfmathroundto@lastzeros=\count171
)
(/usr/share/texlive/texmf-dist/tex/generic/pgfplots/oldpgfcompatib/pgfplotsoldp
gfsupp_pgflibraryplothandlers.code.tex
File: pgflibraryplothandlers.code.tex 2012/09/11 v2.10 (rcs-revision 1.17)
\pgf@plot@mark@count=\count172
\pgfplotmarksize=\dimen220
)
(/usr/share/texlive/texmf-dist/tex/generic/pgfplots/oldpgfcompatib/pgfplotsoldp
gfsupp_pgflibraryfpu.code.tex)
(/usr/share/texlive/texmf-dist/tex/generic/pgfplots/oldpgfcompatib/pgfplotsoldp
gfsupp_pgfcorescopes.code.tex
File: pgfcorescopes.code.tex 2012/11/30  (rcs-revision 1.38)
\pgfpic=\box91
\pgf@hbox=\box92
\pgf@layerbox@main=\box93
\pgf@picture@serial@count=\count173
)
(/usr/share/texlive/texmf-dist/tex/generic/pgfplots/oldpgfcompatib/pgfplotsoldp
gfsupp_pgfcorelayers.code.tex
File: pgfcorelayers.code.tex 2012/11/07  (rcs-revision 1.5)
))
(/usr/share/texlive/texmf-dist/tex/generic/pgfplots/util/pgfplotsutil.code.tex
(/usr/share/texlive/texmf-dist/tex/generic/pgfplots/liststructure/pgfplotslists
tructure.code.tex)
(/usr/share/texlive/texmf-dist/tex/generic/pgfplots/liststructure/pgfplotslists
tructureext.code.tex)
(/usr/share/texlive/texmf-dist/tex/generic/pgfplots/liststructure/pgfplotsarray
.code.tex
\c@pgfplotsarray@tmp=\count174
)
(/usr/share/texlive/texmf-dist/tex/generic/pgfplots/liststructure/pgfplotsmatri
x.code.tex)
(/usr/share/texlive/texmf-dist/tex/generic/pgfplots/numtable/pgfplotstableshare
d.code.tex
\c@pgfplotstable@counta=\count175
\t@pgfplotstable@a=\toks43
)
(/usr/share/texlive/texmf-dist/tex/generic/pgfplots/liststructure/pgfplotsdeque
.code.tex)
(/usr/share/texlive/texmf-dist/tex/generic/pgfplots/util/pgfplotsbinary.code.te
x
(/usr/share/texlive/texmf-dist/tex/generic/pgfplots/util/pgfplotsbinary.data.co
de.tex))
(/usr/share/texlive/texmf-dist/tex/generic/pgfplots/util/pgfplotsutil.verb.code
.tex)
(/usr/share/texlive/texmf-dist/tex/generic/pgfplots/libs/pgflibrarypgfplots.sur
fshading.code.tex
\c@pgfplotslibrarysurf@no=\count176

(/usr/share/texlive/texmf-dist/tex/generic/pgfplots/sys/pgflibrarypgfplots.surf
shading.pgfsys-pdftex.def)))
(/usr/share/texlive/texmf-dist/tex/generic/pgfplots/util/pgfplotscolormap.code.
tex
(/usr/share/texlive/texmf-dist/tex/generic/pgfplots/util/pgfplotscolor.code.tex
))
(/usr/share/texlive/texmf-dist/tex/generic/pgfplots/pgfplotsstackedplots.code.t
ex)
(/usr/share/texlive/texmf-dist/tex/generic/pgfplots/pgfplotsplothandlers.code.t
ex
(/usr/share/texlive/texmf-dist/tex/generic/pgfplots/pgfplotsmeshplothandler.cod
e.tex))
(/usr/share/texlive/texmf-dist/tex/generic/pgfplots/pgfplots.scaling.code.tex)
(/usr/share/texlive/texmf-dist/tex/generic/pgfplots/pgfplotscoordprocessing.cod
e.tex)
(/usr/share/texlive/texmf-dist/tex/generic/pgfplots/pgfplots.errorbars.code.tex
) (/usr/share/texlive/texmf-dist/tex/generic/pgfplots/pgfplots.markers.code.tex
) (/usr/share/texlive/texmf-dist/tex/generic/pgfplots/pgfplotsticks.code.tex)
(/usr/share/texlive/texmf-dist/tex/generic/pgfplots/pgfplots.paths.code.tex)
(/usr/share/texmf/tex/generic/pgf/frontendlayer/tikz/libraries/tikzlibrarydecor
ations.pathmorphing.code.tex
(/usr/share/texmf/tex/generic/pgf/libraries/decorations/pgflibrarydecorations.p
athmorphing.code.tex))
(/usr/share/texmf/tex/generic/pgf/frontendlayer/tikz/libraries/tikzlibrarydecor
ations.pathreplacing.code.tex
(/usr/share/texmf/tex/generic/pgf/libraries/decorations/pgflibrarydecorations.p
athreplacing.code.tex))
\pgfplots@numplots=\count177
\pgfplots@xmin@reg=\dimen221
\pgfplots@xmax@reg=\dimen222
\pgfplots@ymin@reg=\dimen223
\pgfplots@ymax@reg=\dimen224
\pgfplots@zmin@reg=\dimen225
\pgfplots@zmax@reg=\dimen226
)
(/usr/share/texmf/tex/generic/pgf/frontendlayer/tikz/libraries/tikzlibraryplotm
arks.code.tex
File: tikzlibraryplotmarks.code.tex 2008/01/09 v2.10 (rcs-revision 1.1)

(/usr/share/texmf/tex/generic/pgf/libraries/pgflibraryplotmarks.code.tex
File: pgflibraryplotmarks.code.tex 2010/10/15 v2.10 (rcs-revision 1.12)
)))
(/usr/share/texlive/texmf-dist/tex/latex/base/fontenc.sty
Package: fontenc 2005/09/27 v1.99g Standard LaTeX package

(/usr/share/texlive/texmf-dist/tex/latex/base/t1enc.def
File: t1enc.def 2005/09/27 v1.99g Standard LaTeX file
LaTeX Font Info:    Redeclaring font encoding T1 on input line 43.
))
(/usr/share/texmf/tex/latex/stix/stix.sty
Package: stix 2014/07/31 v1.1.1-latex STIX fonts support package

(/usr/share/texlive/texmf-dist/tex/latex/base/textcomp.sty
Package: textcomp 2005/09/27 v1.99g Standard LaTeX package
Package textcomp Info: Sub-encoding information:
(textcomp)               5 = only ISO-Adobe without \textcurrency
(textcomp)               4 = 5 + \texteuro
(textcomp)               3 = 4 + \textohm
(textcomp)               2 = 3 + \textestimated + \textcurrency
(textcomp)               1 = TS1 - \textcircled - \t
(textcomp)               0 = TS1 (full)
(textcomp)             Font families with sub-encoding setting implement
(textcomp)             only a restricted character set as indicated.
(textcomp)             Family '?' is the default used for unknown fonts.
(textcomp)             See the documentation for details.
Package textcomp Info: Setting ? sub-encoding to TS1/1 on input line 71.
Package textcomp Info: Changing ? sub-encoding to TS1/0 on input line 72.

(/usr/share/texlive/texmf-dist/tex/latex/base/ts1enc.def
File: ts1enc.def 2001/06/05 v3.0e (jk/car/fm) Standard LaTeX file
)
LaTeX Info: Redefining \oldstylenums on input line 266.
Package textcomp Info: Setting cmr sub-encoding to TS1/0 on input line 281.
Package textcomp Info: Setting cmss sub-encoding to TS1/0 on input line 282.
Package textcomp Info: Setting cmtt sub-encoding to TS1/0 on input line 283.
Package textcomp Info: Setting cmvtt sub-encoding to TS1/0 on input line 284.
Package textcomp Info: Setting cmbr sub-encoding to TS1/0 on input line 285.
Package textcomp Info: Setting cmtl sub-encoding to TS1/0 on input line 286.
Package textcomp Info: Setting ccr sub-encoding to TS1/0 on input line 287.
Package textcomp Info: Setting ptm sub-encoding to TS1/4 on input line 288.
Package textcomp Info: Setting pcr sub-encoding to TS1/4 on input line 289.
Package textcomp Info: Setting phv sub-encoding to TS1/4 on input line 290.
Package textcomp Info: Setting ppl sub-encoding to TS1/3 on input line 291.
Package textcomp Info: Setting pag sub-encoding to TS1/4 on input line 292.
Package textcomp Info: Setting pbk sub-encoding to TS1/4 on input line 293.
Package textcomp Info: Setting pnc sub-encoding to TS1/4 on input line 294.
Package textcomp Info: Setting pzc sub-encoding to TS1/4 on input line 295.
Package textcomp Info: Setting bch sub-encoding to TS1/4 on input line 296.
Package textcomp Info: Setting put sub-encoding to TS1/5 on input line 297.
Package textcomp Info: Setting uag sub-encoding to TS1/5 on input line 298.
Package textcomp Info: Setting ugq sub-encoding to TS1/5 on input line 299.
Package textcomp Info: Setting ul8 sub-encoding to TS1/4 on input line 300.
Package textcomp Info: Setting ul9 sub-encoding to TS1/4 on input line 301.
Package textcomp Info: Setting augie sub-encoding to TS1/5 on input line 302.
Package textcomp Info: Setting dayrom sub-encoding to TS1/3 on input line 303.
Package textcomp Info: Setting dayroms sub-encoding to TS1/3 on input line 304.

Package textcomp Info: Setting pxr sub-encoding to TS1/0 on input line 305.
Package textcomp Info: Setting pxss sub-encoding to TS1/0 on input line 306.
Package textcomp Info: Setting pxtt sub-encoding to TS1/0 on input line 307.
Package textcomp Info: Setting txr sub-encoding to TS1/0 on input line 308.
Package textcomp Info: Setting txss sub-encoding to TS1/0 on input line 309.
Package textcomp Info: Setting txtt sub-encoding to TS1/0 on input line 310.
Package textcomp Info: Setting lmr sub-encoding to TS1/0 on input line 311.
Package textcomp Info: Setting lmdh sub-encoding to TS1/0 on input line 312.
Package textcomp Info: Setting lmss sub-encoding to TS1/0 on input line 313.
Package textcomp Info: Setting lmssq sub-encoding to TS1/0 on input line 314.
Package textcomp Info: Setting lmvtt sub-encoding to TS1/0 on input line 315.
Package textcomp Info: Setting qhv sub-encoding to TS1/0 on input line 316.
Package textcomp Info: Setting qag sub-encoding to TS1/0 on input line 317.
Package textcomp Info: Setting qbk sub-encoding to TS1/0 on input line 318.
Package textcomp Info: Setting qcr sub-encoding to TS1/0 on input line 319.
Package textcomp Info: Setting qcs sub-encoding to TS1/0 on input line 320.
Package textcomp Info: Setting qpl sub-encoding to TS1/0 on input line 321.
Package textcomp Info: Setting qtm sub-encoding to TS1/0 on input line 322.
Package textcomp Info: Setting qzc sub-encoding to TS1/0 on input line 323.
Package textcomp Info: Setting qhvc sub-encoding to TS1/0 on input line 324.
Package textcomp Info: Setting futs sub-encoding to TS1/4 on input line 325.
Package textcomp Info: Setting futx sub-encoding to TS1/4 on input line 326.
Package textcomp Info: Setting futj sub-encoding to TS1/4 on input line 327.
Package textcomp Info: Setting hlh sub-encoding to TS1/3 on input line 328.
Package textcomp Info: Setting hls sub-encoding to TS1/3 on input line 329.
Package textcomp Info: Setting hlst sub-encoding to TS1/3 on input line 330.
Package textcomp Info: Setting hlct sub-encoding to TS1/5 on input line 331.
Package textcomp Info: Setting hlx sub-encoding to TS1/5 on input line 332.
Package textcomp Info: Setting hlce sub-encoding to TS1/5 on input line 333.
Package textcomp Info: Setting hlcn sub-encoding to TS1/5 on input line 334.
Package textcomp Info: Setting hlcw sub-encoding to TS1/5 on input line 335.
Package textcomp Info: Setting hlcf sub-encoding to TS1/5 on input line 336.
Package textcomp Info: Setting pplx sub-encoding to TS1/3 on input line 337.
Package textcomp Info: Setting pplj sub-encoding to TS1/3 on input line 338.
Package textcomp Info: Setting ptmx sub-encoding to TS1/4 on input line 339.
Package textcomp Info: Setting ptmj sub-encoding to TS1/4 on input line 340.
)
LaTeX Font Info:    Redeclaring symbol font `letters' on input line 76.
LaTeX Font Info:    Encoding `OML' has changed to `LS1' for symbol font
(Font)              `letters' in the math version `normal' on input line 76.
LaTeX Font Info:    Overwriting symbol font `letters' in version `normal'
(Font)                  OML/cmm/m/it --> LS1/stix/m/it on input line 76.
LaTeX Font Info:    Encoding `OML' has changed to `LS1' for symbol font
(Font)              `letters' in the math version `bold' on input line 76.
LaTeX Font Info:    Overwriting symbol font `letters' in version `bold'
(Font)                  OML/cmm/b/it --> LS1/stix/m/it on input line 76.
LaTeX Font Info:    Redeclaring symbol font `operators' on input line 77.
LaTeX Font Info:    Encoding `OT1' has changed to `LS1' for symbol font
(Font)              `operators' in the math version `normal' on input line 77.
LaTeX Font Info:    Overwriting symbol font `operators' in version `normal'
(Font)                  OT1/cmr/m/n --> LS1/stix/m/n on input line 77.
LaTeX Font Info:    Encoding `OT1' has changed to `LS1' for symbol font
(Font)              `operators' in the math version `bold' on input line 77.
LaTeX Font Info:    Overwriting symbol font `operators' in version `bold'
(Font)                  OT1/cmr/bx/n --> LS1/stix/m/n on input line 77.
\symbold-operators=\mathgroup6
LaTeX Font Info:    Redeclaring symbol font `symbols' on input line 79.
LaTeX Font Info:    Encoding `OMS' has changed to `LS1' for symbol font
(Font)              `symbols' in the math version `normal' on input line 79.
LaTeX Font Info:    Overwriting symbol font `symbols' in version `normal'
(Font)                  OMS/cmsy/m/n --> LS1/stixscr/m/n on input line 79.
LaTeX Font Info:    Encoding `OMS' has changed to `LS1' for symbol font
(Font)              `symbols' in the math version `bold' on input line 79.
LaTeX Font Info:    Overwriting symbol font `symbols' in version `bold'
(Font)                  OMS/cmsy/b/n --> LS1/stixscr/m/n on input line 79.
\symsymbols2=\mathgroup7
\symsymbols3=\mathgroup8
\symsymbols4=\mathgroup9
\symintegrals=\mathgroup10
LaTeX Font Info:    Redeclaring symbol font `largesymbols' on input line 84.
LaTeX Font Info:    Encoding `OMX' has changed to `LS2' for symbol font
(Font)              `largesymbols' in the math version `normal' on input line 8
4.
LaTeX Font Info:    Overwriting symbol font `largesymbols' in version `normal'
(Font)                  OMX/cmex/m/n --> LS2/stixex/m/n on input line 84.
LaTeX Font Info:    Encoding `OMX' has changed to `LS2' for symbol font
(Font)              `largesymbols' in the math version `bold' on input line 84.

LaTeX Font Info:    Overwriting symbol font `largesymbols' in version `bold'
(Font)                  OMX/cmex/m/n --> LS2/stixex/m/n on input line 84.
\symarrows1=\mathgroup11
\symarrows2=\mathgroup12
\symarrows3=\mathgroup13
LaTeX Font Info:    Overwriting symbol font `letters' in version `bold'
(Font)                  LS1/stix/m/it --> LS1/stix/b/it on input line 88.
LaTeX Font Info:    Overwriting symbol font `operators' in version `bold'
(Font)                  LS1/stix/m/n --> LS1/stix/b/n on input line 89.
LaTeX Font Info:    Overwriting symbol font `symbols' in version `bold'
(Font)                  LS1/stixscr/m/n --> LS1/stixscr/b/n on input line 90.
LaTeX Font Info:    Overwriting symbol font `symbols2' in version `bold'
(Font)                  LS1/stixfrak/m/n --> LS1/stixfrak/b/n on input line 91.

LaTeX Font Info:    Overwriting symbol font `symbols3' in version `bold'
(Font)                  LS1/stixbb/m/n --> LS1/stixbb/b/n on input line 92.
LaTeX Font Info:    Overwriting symbol font `symbols4' in version `bold'
(Font)                  LS1/stixbb/m/it --> LS1/stixbb/b/it on input line 93.
LaTeX Font Info:    Overwriting symbol font `integrals' in version `bold'
(Font)                  LS2/stixcal/m/n --> LS2/stixcal/b/n on input line 94.
LaTeX Font Info:    Overwriting symbol font `largesymbols' in version `bold'
(Font)                  LS2/stixex/m/n --> LS2/stixex/b/n on input line 95.
LaTeX Font Info:    Overwriting symbol font `arrows1' in version `bold'
(Font)                  LS1/stixsf/m/n --> LS1/stixsf/b/n on input line 96.
LaTeX Font Info:    Overwriting symbol font `arrows2' in version `bold'
(Font)                  LS1/stixsf/m/it --> LS1/stixsf/b/it on input line 97.
LaTeX Font Info:    Overwriting symbol font `arrows3' in version `bold'
(Font)                  LS2/stixtt/m/n --> LS2/stixtt/b/n on input line 98.
LaTeX Font Info:    Redeclaring math alphabet \mathit on input line 99.
LaTeX Font Info:    Redeclaring math alphabet \mathfrak on input line 102.
LaTeX Font Info:    Redeclaring math alphabet \mathsf on input line 106.
LaTeX Font Info:    Redeclaring math alphabet \mathtt on input line 108.
LaTeX Font Info:    Redeclaring math alphabet \mathbf on input line 109.
LaTeX Info: Redefining \yen on input line 456.
LaTeX Info: Redefining \circledR on input line 458.
LaTeX Info: Redefining \checkmark on input line 460.
LaTeX Info: Redefining \maltese on input line 461.
LaTeX Info: Redefining \vdots on input line 1518.
LaTeX Info: Redefining \cdots on input line 1522.
LaTeX Info: Redefining \not on input line 2144.
) (./report2.aux

LaTeX Warning: Label `{eq:restSpikeBistability}' multiply defined.


LaTeX Warning: Label `fig:bursting_step2.1' multiply defined.


LaTeX Warning: Label `fn' multiply defined.

)
\openout1 = `report2.aux'.

LaTeX Font Info:    Checking defaults for OML/cmm/m/it on input line 41.
LaTeX Font Info:    ... okay on input line 41.
LaTeX Font Info:    Checking defaults for T1/cmr/m/n on input line 41.
LaTeX Font Info:    ... okay on input line 41.
LaTeX Font Info:    Checking defaults for OT1/cmr/m/n on input line 41.
LaTeX Font Info:    ... okay on input line 41.
LaTeX Font Info:    Checking defaults for OMS/cmsy/m/n on input line 41.
LaTeX Font Info:    ... okay on input line 41.
LaTeX Font Info:    Checking defaults for OMX/cmex/m/n on input line 41.
LaTeX Font Info:    ... okay on input line 41.
LaTeX Font Info:    Checking defaults for U/cmr/m/n on input line 41.
LaTeX Font Info:    ... okay on input line 41.
LaTeX Font Info:    Checking defaults for PD1/pdf/m/n on input line 41.
LaTeX Font Info:    ... okay on input line 41.
LaTeX Font Info:    Checking defaults for TS1/cmr/m/n on input line 41.
LaTeX Font Info:    Try loading font information for TS1+cmr on input line 41.
 (/usr/share/texlive/texmf-dist/tex/latex/base/ts1cmr.fd
File: ts1cmr.fd 1999/05/25 v2.5h Standard LaTeX font definitions
)
LaTeX Font Info:    ... okay on input line 41.
LaTeX Font Info:    Checking defaults for LS1/stix/m/n on input line 41.
LaTeX Font Info:    Try loading font information for LS1+stix on input line 41.


(/usr/share/texmf/tex/latex/stix/ls1stix.fd
File: ls1stix.fd 2012/12/23 v1.1.0-latex STIX LS1 font definitions
)
LaTeX Font Info:    ... okay on input line 41.
LaTeX Font Info:    Checking defaults for LS2/stix/m/n on input line 41.
LaTeX Font Info:    Try loading font information for LS2+stix on input line 41.


(/usr/share/texmf/tex/latex/stix/ls2stix.fd
File: ls2stix.fd 2012/12/23 v1.1.0-latex STIX LS2 font definitions
)
LaTeX Font Info:    ... okay on input line 41.
LaTeX Font Info:    Try loading font information for T1+stix on input line 41.

(/usr/share/texmf/tex/latex/stix/t1stix.fd
File: t1stix.fd 2012/12/23 v1.1.0-latex STIX T1 font definitions
)
*geometry* driver: auto-detecting
*geometry* detected driver: pdftex
*geometry* verbose mode - [ preamble ] result:
* driver: pdftex
* paper: a4paper
* layout: <same size as paper>
* layoutoffset:(h,v)=(0.0pt,0.0pt)
* modes: 
* h-part:(L,W,R)=(56.9055pt, 483.69687pt, 56.9055pt)
* v-part:(T,H,B)=(56.9055pt, 731.23584pt, 56.9055pt)
* \paperwidth=597.50787pt
* \paperheight=845.04684pt
* \textwidth=483.69687pt
* \textheight=731.23584pt
* \oddsidemargin=-15.36449pt
* \evensidemargin=-15.36449pt
* \topmargin=-52.36449pt
* \headheight=12.0pt
* \headsep=25.0pt
* \topskip=12.0pt
* \footskip=30.0pt
* \marginparwidth=35.0pt
* \marginparsep=10.0pt
* \columnsep=10.0pt
* \skip\footins=10.8pt plus 4.0pt minus 2.0pt
* \hoffset=0.0pt
* \voffset=0.0pt
* \mag=1000
* \@twocolumnfalse
* \@twosidefalse
* \@mparswitchfalse
* \@reversemarginfalse
* (1in=72.27pt=25.4mm, 1cm=28.453pt)

\symgns@font=\mathgroup14
LaTeX Font Info:    Overwriting symbol font `gns@font' in version `bold'
(Font)                  TS1/stix/m/n --> TS1/stix/bx/n on input line 41.
Package gensymb Info: Math companion symbols declared on input line 41.
LaTeX Info: Redefining \degree on input line 41.
LaTeX Info: Redefining \celsius on input line 41.
Package gensymb Info: Using text companion symbols for \degree, \celsius and \p
erthousand on input line 41.
LaTeX Info: Redefining \ohm on input line 41.
Package gensymb Info: Using \textohm for \ohm on input line 41.
Package gensymb Info: Using \textmu for \micro on input line 41.
(/usr/share/texlive/texmf-dist/tex/context/base/supp-pdf.mkii
[Loading MPS to PDF converter (version 2006.09.02).]
\scratchcounter=\count178
\scratchdimen=\dimen227
\scratchbox=\box94
\nofMPsegments=\count179
\nofMParguments=\count180
\everyMPshowfont=\toks44
\MPscratchCnt=\count181
\MPscratchDim=\dimen228
\MPnumerator=\count182
\makeMPintoPDFobject=\count183
\everyMPtoPDFconversion=\toks45
) (/usr/share/texlive/texmf-dist/tex/latex/oberdiek/epstopdf-base.sty
Package: epstopdf-base 2010/02/09 v2.5 Base part for package epstopdf

(/usr/share/texlive/texmf-dist/tex/latex/oberdiek/grfext.sty
Package: grfext 2010/08/19 v1.1 Manage graphics extensions (HO)
)
Package grfext Info: Graphics extension search list:
(grfext)             [.png,.jpg,.PNG,.jpeg,.eps]
(grfext)             \AppendGraphicsExtensions on input line 452.

(/usr/share/texlive/texmf-dist/tex/latex/latexconfig/epstopdf-sys.cfg
File: epstopdf-sys.cfg 2010/07/13 v1.3 Configuration of (r)epstopdf for TeX Liv
e
))
Package caption Info: Begin \AtBeginDocument code.
Package caption Info: floatrow package is loaded.
Package caption Info: float package is loaded.
Package caption Info: floatrow package is loaded.
Package caption Info: hyperref package is loaded.
Package caption Info: listings package is loaded.
Package caption Info: End \AtBeginDocument code.
\c@lstlisting=\count184
\AtBeginShipoutBox=\box95
Package hyperref Info: Link coloring OFF on input line 41.

(/usr/share/texlive/texmf-dist/tex/latex/hyperref/nameref.sty
Package: nameref 2012/10/27 v2.43 Cross-referencing by name of section

(/usr/share/texlive/texmf-dist/tex/generic/oberdiek/gettitlestring.sty
Package: gettitlestring 2010/12/03 v1.4 Cleanup title references (HO)
)
\c@section@level=\count185
)
LaTeX Info: Redefining \ref on input line 41.
LaTeX Info: Redefining \pageref on input line 41.
LaTeX Info: Redefining \nameref on input line 41.

(./report2.out) (./report2.out)
\@outlinefile=\write4
\openout4 = `report2.out'.

 ABD: EveryShipout initializing macros

Package pgfplots Warning: running in backwards compatibility mode (unsuitable t
ick labels; missing features). Consider writing \pgfplotsset{compat=1.9} into y
our preamble.
 on input line 41.


</home/rajiv/IIB/year4project/report/figures/Engineering.png, id=111, 183.5658p
t x 55.1661pt>
File: /home/rajiv/IIB/year4project/report/figures/Engineering.png Graphic file 
(type png)

<use /home/rajiv/IIB/year4project/report/figures/Engineering.png>
Package pdftex.def Info: /home/rajiv/IIB/year4project/report/figures/Engineerin
g.png used on input line 47.
(pdftex.def)             Requested size: 184.9429pt x 55.5801pt.
 [1

{/var/lib/texmf/fonts/map/pdftex/updmap/pdftex.map} </home/rajiv/IIB/year4proje
ct/report/figures/Engineering.png>]
LaTeX Font Info:    Font shape `T1/stix/bx/n' in size <17.28> not available
(Font)              Font shape `T1/stix/b/n' tried instead on input line 61.
pdfTeX warning (ext4): destination with the same identifier (name{page.1}) has 
been already used, duplicate ignored
<to be read again> 
                   \relax 
l.71 \newpage
              [1] (./report2.toc
LaTeX Font Info:    Font shape `T1/stix/bx/n' in size <12> not available
(Font)              Font shape `T1/stix/b/n' tried instead on input line 1.
LaTeX Font Info:    Try loading font information for LS1+stixscr on input line 
3.
 (/usr/share/texmf/tex/latex/stix/ls1stixscr.fd
File: ls1stixscr.fd 2012/12/23 v1.1.0-latex STIX script LS1 font definitions
)
LaTeX Font Info:    Try loading font information for LS2+stixex on input line 3
.
 (/usr/share/texmf/tex/latex/stix/ls2stixex.fd
File: ls2stixex.fd 2012/12/23 v1.1.0-latex STIX extentions LS2 font definitions

)
LaTeX Font Info:    Try loading font information for U+msa on input line 3.

(/usr/share/texlive/texmf-dist/tex/latex/amsfonts/umsa.fd
File: umsa.fd 2013/01/14 v3.01 AMS symbols A
)
LaTeX Font Info:    Try loading font information for U+msb on input line 3.

(/usr/share/texlive/texmf-dist/tex/latex/amsfonts/umsb.fd
File: umsb.fd 2013/01/14 v3.01 AMS symbols B
)
LaTeX Font Info:    Try loading font information for LS1+stixfrak on input line
 3.

(/usr/share/texmf/tex/latex/stix/ls1stixfrak.fd
File: ls1stixfrak.fd 2012/12/23 v1.1.0-latex STIX fraktur LS1 font definitions
)
LaTeX Font Info:    Try loading font information for LS1+stixbb on input line 3
.

(/usr/share/texmf/tex/latex/stix/ls1stixbb.fd
File: ls1stixbb.fd 2012/12/23 v1.1.0-latex STIX blackboard LS1 font definitions

)
LaTeX Font Info:    Try loading font information for LS2+stixcal on input line 
3.

(/usr/share/texmf/tex/latex/stix/ls2stixcal.fd
File: ls2stixcal.fd 2012/12/23 v1.1.0-latex STIX calligraphic LS2 font definiti
ons
)
LaTeX Font Info:    Try loading font information for LS1+stixsf on input line 3
.

(/usr/share/texmf/tex/latex/stix/ls1stixsf.fd
File: ls1stixsf.fd 2012/12/23 v1.1.0-latex STIX sans-serif LS1 font definitions

)
LaTeX Font Info:    Try loading font information for LS2+stixtt on input line 3
.

(/usr/share/texmf/tex/latex/stix/ls2stixtt.fd
File: ls2stixtt.fd 2012/12/23 v1.1.0-latex STIX typewriter LS2 font definitions

)
LaTeX Font Info:    Try loading font information for TS1+stix on input line 3.

(/usr/share/texmf/tex/latex/stix/ts1stix.fd
File: ts1stix.fd 2012/12/23 v1.1.0-latex STIX TS1 font definitions
))
\tf@toc=\write5
\openout5 = `report2.toc'.

 [2]
</home/rajiv/IIB/year4project/report/figures/parameter_space.png, id=159, 1210.
5225pt x 648.4225pt>
File: /home/rajiv/IIB/year4project/report/figures/parameter_space.png Graphic f
ile (type png)

<use /home/rajiv/IIB/year4project/report/figures/parameter_space.png>
Package pdftex.def Info: /home/rajiv/IIB/year4project/report/figures/parameter_
space.png used on input line 80.
(pdftex.def)             Requested size: 290.22107pt x 155.45638pt.
 [3 </home/rajiv/IIB/year4project/report/figures/parameter_space.png>]
</home/rajiv/IIB/year4project/report/figures/simple_relay_feedback.jpg, id=182,
 1572.87625pt x 864.22874pt>
File: /home/rajiv/IIB/year4project/report/figures/simple_relay_feedback.jpg Gra
phic file (type jpg)

<use /home/rajiv/IIB/year4project/report/figures/simple_relay_feedback.jpg>
Package pdftex.def Info: /home/rajiv/IIB/year4project/report/figures/simple_rel
ay_feedback.jpg used on input line 170.
(pdftex.def)             Requested size: 386.95897pt x 212.61482pt.


LaTeX Warning: `!h' float specifier changed to `!ht'.

LaTeX Font Info:    Font shape `T1/stix/bx/n' in size <14.4> not available
(Font)              Font shape `T1/stix/b/n' tried instead on input line 181.
[4] [5 </home/rajiv/IIB/year4project/report/figures/simple_relay_feedback.jpg>]

</home/rajiv/IIB/year4project/report/figures/asym_relay_feedback.jpg, id=205, 8
70.25125pt x 477.785pt>
File: /home/rajiv/IIB/year4project/report/figures/asym_relay_feedback.jpg Graph
ic file (type jpg)

<use /home/rajiv/IIB/year4project/report/figures/asym_relay_feedback.jpg>
Package pdftex.def Info: /home/rajiv/IIB/year4project/report/figures/asym_relay
_feedback.jpg used on input line 229.
(pdftex.def)             Requested size: 386.95897pt x 212.44962pt.

[6 </home/rajiv/IIB/year4project/report/figures/asym_relay_feedback.jpg>]
</home/rajiv/IIB/year4project/report/figures/goodwin_nonlinearity.jpg, id=216, 
570.13pt x 418.56375pt>
File: /home/rajiv/IIB/year4project/report/figures/goodwin_nonlinearity.jpg Grap
hic file (type jpg)

<use /home/rajiv/IIB/year4project/report/figures/goodwin_nonlinearity.jpg>
Package pdftex.def Info: /home/rajiv/IIB/year4project/report/figures/goodwin_no
nlinearity.jpg used on input line 252.
(pdftex.def)             Requested size: 241.84843pt x 177.55193pt.

[7 </home/rajiv/IIB/year4project/report/figures/goodwin_nonlinearity.jpg>]
</home/rajiv/IIB/year4project/report/figures/goodwin_mathcing.jpg, id=233, 707.
64375pt x 421.575pt>
File: /home/rajiv/IIB/year4project/report/figures/goodwin_mathcing.jpg Graphic 
file (type jpg)

<use /home/rajiv/IIB/year4project/report/figures/goodwin_mathcing.jpg>
Package pdftex.def Info: /home/rajiv/IIB/year4project/report/figures/goodwin_ma
thcing.jpg used on input line 305.
(pdftex.def)             Requested size: 386.95897pt x 230.52895pt.
 [8 </home/rajiv/IIB/year4project/report/figures/goodwin_mathcing.jpg>]
</home/rajiv/IIB/year4project/report/figures/fitz_nagumo_hysteresis.jpg, id=251
, 562.1pt x 421.575pt>
File: /home/rajiv/IIB/year4project/report/figures/fitz_nagumo_hysteresis.jpg Gr
aphic file (type jpg)

<use /home/rajiv/IIB/year4project/report/figures/fitz_nagumo_hysteresis.jpg>
Package pdftex.def Info: /home/rajiv/IIB/year4project/report/figures/fitz_nagum
o_hysteresis.jpg used on input line 328.
(pdftex.def)             Requested size: 217.66211pt x 163.24283pt.

</home/rajiv/IIB/year4project/report/figures/fitz_nagumo_voltage_time.png, id=2
52, 421.575pt x 316.18124pt>
File: /home/rajiv/IIB/year4project/report/figures/fitz_nagumo_voltage_time.png 
Graphic file (type png)

<use /home/rajiv/IIB/year4project/report/figures/fitz_nagumo_voltage_time.png>
Package pdftex.def Info: /home/rajiv/IIB/year4project/report/figures/fitz_nagum
o_voltage_time.png used on input line 335.
(pdftex.def)             Requested size: 217.66211pt x 163.24765pt.

</home/rajiv/IIB/year4project/report/figures/fitz_nagumo_speed.png, id=253, 569
.12625pt x 438.13687pt>
File: /home/rajiv/IIB/year4project/report/figures/fitz_nagumo_speed.png Graphic
 file (type png)

<use /home/rajiv/IIB/year4project/report/figures/fitz_nagumo_speed.png>
Package pdftex.def Info: /home/rajiv/IIB/year4project/report/figures/fitz_nagum
o_speed.png used on input line 346.
(pdftex.def)             Requested size: 217.66211pt x 167.5634pt.

</home/rajiv/IIB/year4project/report/figures/fitz_nagumo_speed_voltage_time.png
, id=254, 551.05875pt x 429.10312pt>
File: /home/rajiv/IIB/year4project/report/figures/fitz_nagumo_speed_voltage_tim
e.png Graphic file (type png)

<use /home/rajiv/IIB/year4project/report/figures/fitz_nagumo_speed_voltage_time
.png>
Package pdftex.def Info: /home/rajiv/IIB/year4project/report/figures/fitz_nagum
o_speed_voltage_time.png used on input line 353.
(pdftex.def)             Requested size: 217.66211pt x 169.4906pt.


LaTeX Warning: `!h' float specifier changed to `!ht'.

[9 </home/rajiv/IIB/year4project/report/figures/fitz_nagumo_hysteresis.jpg> </h
ome/rajiv/IIB/year4project/report/figures/fitz_nagumo_voltage_time.png (PNG cop
y)>]

LaTeX Warning: `!h' float specifier changed to `!ht'.


</home/rajiv/IIB/year4project/report/figures/tmr_fn_relay_limit_cycle.jpg, id=2
72, 562.1pt x 421.575pt>
File: /home/rajiv/IIB/year4project/report/figures/tmr_fn_relay_limit_cycle.jpg 
Graphic file (type jpg)

<use /home/rajiv/IIB/year4project/report/figures/tmr_fn_relay_limit_cycle.jpg>
Package pdftex.def Info: /home/rajiv/IIB/year4project/report/figures/tmr_fn_rel
ay_limit_cycle.jpg used on input line 489.
(pdftex.def)             Requested size: 217.66211pt x 163.24283pt.

</home/rajiv/IIB/year4project/report/figures/tmr_fn_relay_voltage.jpg, id=273, 
562.1pt x 421.575pt>
File: /home/rajiv/IIB/year4project/report/figures/tmr_fn_relay_voltage.jpg Grap
hic file (type jpg)

<use /home/rajiv/IIB/year4project/report/figures/tmr_fn_relay_voltage.jpg>
Package pdftex.def Info: /home/rajiv/IIB/year4project/report/figures/tmr_fn_rel
ay_voltage.jpg used on input line 496.
(pdftex.def)             Requested size: 217.66211pt x 163.24283pt.

Underfull \hbox (badness 1430) in paragraph at lines 497--497
\T1/stix/m/n/10.95 Volt-age al-ter-nates be-tween a high
 []


LaTeX Warning: `!h' float specifier changed to `!ht'.

[10 </home/rajiv/IIB/year4project/report/figures/fitz_nagumo_speed.png> </home/
rajiv/IIB/year4project/report/figures/fitz_nagumo_speed_voltage_time.png>]
[11 </home/rajiv/IIB/year4project/report/figures/tmr_fn_relay_limit_cycle.jpg> 
</home/rajiv/IIB/year4project/report/figures/tmr_fn_relay_voltage.jpg>]
</home/rajiv/IIB/year4project/report/figures/feedback_interactions.png, id=299,
 621.32124pt x 571.13374pt>
File: /home/rajiv/IIB/year4project/report/figures/feedback_interactions.png Gra
phic file (type png)

<use /home/rajiv/IIB/year4project/report/figures/feedback_interactions.png>
Package pdftex.def Info: /home/rajiv/IIB/year4project/report/figures/feedback_i
nteractions.png used on input line 518.
(pdftex.def)             Requested size: 241.84843pt x 222.31424pt.

[12 </home/rajiv/IIB/year4project/report/figures/feedback_interactions.png>]
</home/rajiv/IIB/year4project/report/figures/winged_cusp_phase_portrait.png, id
=319, 633.36626pt x 520.94624pt>
File: /home/rajiv/IIB/year4project/report/figures/winged_cusp_phase_portrait.pn
g Graphic file (type png)

<use /home/rajiv/IIB/year4project/report/figures/winged_cusp_phase_portrait.png
>
Package pdftex.def Info: /home/rajiv/IIB/year4project/report/figures/winged_cus
p_phase_portrait.png used on input line 547.
(pdftex.def)             Requested size: 241.84843pt x 198.91551pt.

</home/rajiv/IIB/year4project/report/figures/franci_3d_bursting.png, id=322, 52
3.9575pt x 266.9975pt>
File: /home/rajiv/IIB/year4project/report/figures/franci_3d_bursting.png Graphi
c file (type png)

<use /home/rajiv/IIB/year4project/report/figures/franci_3d_bursting.png>
Package pdftex.def Info: /home/rajiv/IIB/year4project/report/figures/franci_3d_
bursting.png used on input line 553.
(pdftex.def)             Requested size: 338.58632pt x 172.54001pt.


LaTeX Warning: `!h' float specifier changed to `!ht'.


</home/rajiv/IIB/year4project/report/figures/tts_circuit.png, id=329, 963.6pt x
 607.26875pt>
File: /home/rajiv/IIB/year4project/report/figures/tts_circuit.png Graphic file 
(type png)

<use /home/rajiv/IIB/year4project/report/figures/tts_circuit.png>
Package pdftex.def Info: /home/rajiv/IIB/year4project/report/figures/tts_circui
t.png used on input line 561.
(pdftex.def)             Requested size: 338.58632pt x 213.37193pt.


LaTeX Warning: `!h' float specifier changed to `!ht'.


</home/rajiv/IIB/year4project/report/figures/original_bursting.jpg, id=332, 807
.015pt x 432.61626pt>
File: /home/rajiv/IIB/year4project/report/figures/original_bursting.jpg Graphic
 file (type jpg)

<use /home/rajiv/IIB/year4project/report/figures/original_bursting.jpg>
Package pdftex.def Info: /home/rajiv/IIB/year4project/report/figures/original_b
ursting.jpg used on input line 567.
(pdftex.def)             Requested size: 241.84843pt x 129.64725pt.


LaTeX Warning: `!h' float specifier changed to `!ht'.


LaTeX Warning: `!h' float specifier changed to `!ht'.


</home/rajiv/IIB/year4project/report/figures/bump.jpg, id=335, 562.1pt x 421.57
5pt>
File: /home/rajiv/IIB/year4project/report/figures/bump.jpg Graphic file (type j
pg)
 <use /home/rajiv/IIB/year4project/report/figures/bump.jpg>
Package pdftex.def Info: /home/rajiv/IIB/year4project/report/figures/bump.jpg u
sed on input line 647.
(pdftex.def)             Requested size: 290.22107pt x 217.66354pt.


LaTeX Warning: `!h' float specifier changed to `!ht'.

[13 </home/rajiv/IIB/year4project/report/figures/winged_cusp_phase_portrait.png
>] [14 </home/rajiv/IIB/year4project/report/figures/franci_3d_bursting.png> </h
ome/rajiv/IIB/year4project/report/figures/tts_circuit.png> </home/rajiv/IIB/yea
r4project/report/figures/original_bursting.jpg>]
</home/rajiv/IIB/year4project/report/figures/restSpikeBistableAlpha.jpg, id=357
, 1554.80875pt x 435.6275pt>
File: /home/rajiv/IIB/year4project/report/figures/restSpikeBistableAlpha.jpg Gr
aphic file (type jpg)

<use /home/rajiv/IIB/year4project/report/figures/restSpikeBistableAlpha.jpg>
Package pdftex.def Info: /home/rajiv/IIB/year4project/report/figures/restSpikeB
istableAlpha.jpg used on input line 656.
(pdftex.def)             Requested size: 435.32422pt x 121.96822pt.


LaTeX Warning: `!h' float specifier changed to `!ht'.

[15 </home/rajiv/IIB/year4project/report/figures/bump.jpg>]
</home/rajiv/IIB/year4project/report/figures/tanh_and_saturation.jpg, id=369, 5
62.1pt x 421.575pt>
File: /home/rajiv/IIB/year4project/report/figures/tanh_and_saturation.jpg Graph
ic file (type jpg)

<use /home/rajiv/IIB/year4project/report/figures/tanh_and_saturation.jpg>
Package pdftex.def Info: /home/rajiv/IIB/year4project/report/figures/tanh_and_s
aturation.jpg used on input line 677.
(pdftex.def)             Requested size: 241.84843pt x 181.38306pt.

</home/rajiv/IIB/year4project/report/figures/bump_piece_bump.jpg, id=370, 562.1
pt x 421.575pt>
File: /home/rajiv/IIB/year4project/report/figures/bump_piece_bump.jpg Graphic f
ile (type jpg)

<use /home/rajiv/IIB/year4project/report/figures/bump_piece_bump.jpg>
Package pdftex.def Info: /home/rajiv/IIB/year4project/report/figures/bump_piece
_bump.jpg used on input line 683.
(pdftex.def)             Requested size: 241.84843pt x 181.38306pt.

</home/rajiv/IIB/year4project/report/figures/linearised_phase_portrait.jpg, id=
372, 570.13pt x 418.56375pt>
File: /home/rajiv/IIB/year4project/report/figures/linearised_phase_portrait.jpg
 Graphic file (type jpg)

<use /home/rajiv/IIB/year4project/report/figures/linearised_phase_portrait.jpg>
Package pdftex.def Info: /home/rajiv/IIB/year4project/report/figures/linearised
_phase_portrait.jpg used on input line 700.
(pdftex.def)             Requested size: 241.84843pt x 177.55193pt.
[16 </home/rajiv/IIB/year4project/report/figures/restSpikeBistableAlpha.jpg>]
[17 </home/rajiv/IIB/year4project/report/figures/tanh_and_saturation.jpg> </hom
e/rajiv/IIB/year4project/report/figures/bump_piece_bump.jpg> </home/rajiv/IIB/y
ear4project/report/figures/linearised_phase_portrait.jpg>]
</home/rajiv/IIB/year4project/report/figures/slow_fast.png, id=396, 474.77374pt
 x 406.51875pt>
File: /home/rajiv/IIB/year4project/report/figures/slow_fast.png Graphic file (t
ype png)

<use /home/rajiv/IIB/year4project/report/figures/slow_fast.png>
Package pdftex.def Info: /home/rajiv/IIB/year4project/report/figures/slow_fast.
png used on input line 811.
(pdftex.def)             Requested size: 241.84843pt x 207.0799pt.

</home/rajiv/IIB/year4project/report/figures/averagedRelay3.jpg, id=397, 562.1p
t x 421.575pt>
File: /home/rajiv/IIB/year4project/report/figures/averagedRelay3.jpg Graphic fi
le (type jpg)

<use /home/rajiv/IIB/year4project/report/figures/averagedRelay3.jpg>
Package pdftex.def Info: /home/rajiv/IIB/year4project/report/figures/averagedRe
lay3.jpg used on input line 907.
(pdftex.def)             Requested size: 290.22107pt x 217.66354pt.

</home/rajiv/IIB/year4project/report/figures/fastSlowaverg.jpg, id=398, 562.1pt
 x 421.575pt>
File: /home/rajiv/IIB/year4project/report/figures/fastSlowaverg.jpg Graphic fil
e (type jpg)

<use /home/rajiv/IIB/year4project/report/figures/fastSlowaverg.jpg>
Package pdftex.def Info: /home/rajiv/IIB/year4project/report/figures/fastSlowav
erg.jpg used on input line 914.
(pdftex.def)             Requested size: 290.22107pt x 217.66354pt.

</home/rajiv/IIB/year4project/report/figures/shiftinghysteresis.jpg, id=399, 57
0.13pt x 418.56375pt>
File: /home/rajiv/IIB/year4project/report/figures/shiftinghysteresis.jpg Graphi
c file (type jpg)

<use /home/rajiv/IIB/year4project/report/figures/shiftinghysteresis.jpg>
Package pdftex.def Info: /home/rajiv/IIB/year4project/report/figures/shiftinghy
steresis.jpg used on input line 920.
(pdftex.def)             Requested size: 290.22107pt x 213.06232pt.

[18] [19 </home/rajiv/IIB/year4project/report/figures/slow_fast.png>] [20 </hom
e/rajiv/IIB/year4project/report/figures/averagedRelay3.jpg> </home/rajiv/IIB/ye
ar4project/report/figures/fastSlowaverg.jpg>] [21 </home/rajiv/IIB/year4project
/report/figures/shiftinghysteresis.jpg>]
</home/rajiv/IIB/year4project/report/figures/hRose_phase_portrait.jpg, id=428, 
562.1pt x 421.575pt>
File: /home/rajiv/IIB/year4project/report/figures/hRose_phase_portrait.jpg Grap
hic file (type jpg)

<use /home/rajiv/IIB/year4project/report/figures/hRose_phase_portrait.jpg>
Package pdftex.def Info: /home/rajiv/IIB/year4project/report/figures/hRose_phas
e_portrait.jpg used on input line 1028.
(pdftex.def)             Requested size: 232.17242pt x 174.12697pt.

</home/rajiv/IIB/year4project/report/figures/hRose_bursting.jpg, id=429, 562.1p
t x 421.575pt>
File: /home/rajiv/IIB/year4project/report/figures/hRose_bursting.jpg Graphic fi
le (type jpg)

<use /home/rajiv/IIB/year4project/report/figures/hRose_bursting.jpg>
Package pdftex.def Info: /home/rajiv/IIB/year4project/report/figures/hRose_burs
ting.jpg used on input line 1035.
(pdftex.def)             Requested size: 232.17242pt x 174.12697pt.

Underfull \hbox (badness 1990) in paragraph at lines 1036--1036
[]\T1/stix/m/n/10.95 (b) |Volt-age os-cil-la-tions against time.
 []


</home/rajiv/IIB/year4project/report/figures/hRose_eqms1.jpg, id=430, 511.9125p
t x 861.2175pt>
File: /home/rajiv/IIB/year4project/report/figures/hRose_eqms1.jpg Graphic file 
(type jpg)

<use /home/rajiv/IIB/year4project/report/figures/hRose_eqms1.jpg>
Package pdftex.def Info: /home/rajiv/IIB/year4project/report/figures/hRose_eqms
1.jpg used on input line 1048.
(pdftex.def)             Requested size: 232.17242pt x 390.59303pt.

</home/rajiv/IIB/year4project/report/figures/hRose_eqms2.jpg, id=431, 522.95375
pt x 861.2175pt>
File: /home/rajiv/IIB/year4project/report/figures/hRose_eqms2.jpg Graphic file 
(type jpg)

<use /home/rajiv/IIB/year4project/report/figures/hRose_eqms2.jpg>
Package pdftex.def Info: /home/rajiv/IIB/year4project/report/figures/hRose_eqms
2.jpg used on input line 1055.
(pdftex.def)             Requested size: 232.17242pt x 382.35356pt.
 [22 </home/rajiv/IIB/year4project/report/figures/hRose_phase_portrait.jpg> </h
ome/rajiv/IIB/year4project/report/figures/hRose_bursting.jpg>]

LaTeX Warning: `!h' float specifier changed to `!ht'.

[23] [24 </home/rajiv/IIB/year4project/report/figures/hRose_eqms1.jpg> </home/r
ajiv/IIB/year4project/report/figures/hRose_eqms2.jpg>] [25] [26

] [27]
LaTeX Font Info:    Font shape `T1/stix/bx/n' in size <24.88> not available
(Font)              Font shape `T1/stix/b/n' tried instead on input line 1190.
 [28]
Missing character: There is no ; in font nullfont!

[29] [30]
</home/rajiv/IIB/year4project/report/figures/tts_bistable_range.png, id=507, 12
06.5075pt x 431.6125pt>
File: /home/rajiv/IIB/year4project/report/figures/tts_bistable_range.png Graphi
c file (type png)

<use /home/rajiv/IIB/year4project/report/figures/tts_bistable_range.png>
Package pdftex.def Info: /home/rajiv/IIB/year4project/report/figures/tts_bistab
le_range.png used on input line 1578.
(pdftex.def)             Requested size: 290.22107pt x 103.81961pt.


LaTeX Warning: `!h' float specifier changed to `!ht'.

[31] [32 </home/rajiv/IIB/year4project/report/figures/tts_bistable_range.png>]
Package atveryend Info: Empty hook `BeforeClearDocument' on input line 1641.

[33]
Package atveryend Info: Empty hook `AfterLastShipout' on input line 1641.
 (./report2.aux)
Package atveryend Info: Executing hook `AtVeryEndDocument' on input line 1641.
Package atveryend Info: Executing hook `AtEndAfterFileList' on input line 1641.

Package rerunfilecheck Info: File `report2.out' has not changed.
(rerunfilecheck)             Checksum: A70F364E58855486C63422264F00070E;2104.


LaTeX Warning: There were multiply-defined labels.

Package atveryend Info: Empty hook `AtVeryVeryEnd' on input line 1641.
 ) 
Here is how much of TeX's memory you used:
 32667 strings out of 494985
 705296 string characters out of 6180355
 887545 words of memory out of 5000000
 35097 multiletter control sequences out of 15000+600000
 107913 words of font info for 165 fonts, out of 8000000 for 9000
 36 hyphenation exceptions out of 8191
 68i,21n,90p,1227b,2309s stack positions out of 5000i,500n,10000p,200000b,80000s
{/usr/share/texmf/fonts/enc/dvips/lm/stix-t1.enc}</usr/share/texmf/fonts/type
1/public/lm/STIXGeneral-Bold.pfb></usr/share/texmf/fonts/type1/public/lm/STIXGe
neral-Italic.pfb></usr/share/texmf/fonts/type1/public/lm/STIXGeneral-Regular.pf
b></usr/share/texmf/fonts/type1/public/lm/stix-mathcal.pfb></usr/share/texmf/fo
nts/type1/public/lm/stix-mathex.pfb></usr/share/texmf/fonts/type1/public/lm/sti
x-mathit.pfb></usr/share/texmf/fonts/type1/public/lm/stix-mathrm.pfb></usr/shar
e/texmf/fonts/type1/public/lm/stix-mathscr.pfb></usr/share/texmf/fonts/type1/pu
blic/lm/stix-mathsf.pfb>
Output written on report2.pdf (34 pages, 1722340 bytes).
PDF statistics:
 612 PDF objects out of 1000 (max. 8388607)
 517 compressed objects within 6 object streams
 175 named destinations out of 1000 (max. 500000)
 376 words of extra memory for PDF output out of 10000 (max. 10000000)

