This is pdfTeX, Version 3.1415926-2.4-1.40.13 (MiKTeX 2.9) (preloaded format=pdflatex 2014.10.19)  12 NOV 2015 10:38
entering extended mode
**report.tex
(C:\Users\RAK\Documents\Project\year4project\fitzhugh_nagumo\report\report.tex
LaTeX2e <2011/06/27>
Babel <v3.8m> and hyphenation patterns for english, afrikaans, ancientgreek, ar
abic, armenian, assamese, basque, bengali, bokmal, bulgarian, catalan, coptic, 
croatian, czech, danish, dutch, esperanto, estonian, farsi, finnish, french, ga
lician, german, german-x-2012-05-30, greek, gujarati, hindi, hungarian, iceland
ic, indonesian, interlingua, irish, italian, kannada, kurmanji, latin, latvian,
 lithuanian, malayalam, marathi, mongolian, mongolianlmc, monogreek, ngerman, n
german-x-2012-05-30, nynorsk, oriya, panjabi, pinyin, polish, portuguese, roman
ian, russian, sanskrit, serbian, slovak, slovenian, spanish, swedish, swissgerm
an, tamil, telugu, turkish, turkmen, ukenglish, ukrainian, uppersorbian, usengl
ishmax, welsh, loaded.
("C:\Program Files (x86)\MiKTeX 2.9\tex\latex\base\article.cls"
Document Class: article 2007/10/19 v1.4h Standard LaTeX document class
("C:\Program Files (x86)\MiKTeX 2.9\tex\latex\base\size10.clo"
File: size10.clo 2007/10/19 v1.4h Standard LaTeX file (size option)
)
\c@part=\count79
\c@section=\count80
\c@subsection=\count81
\c@subsubsection=\count82
\c@paragraph=\count83
\c@subparagraph=\count84
\c@figure=\count85
\c@table=\count86
\abovecaptionskip=\skip41
\belowcaptionskip=\skip42
\bibindent=\dimen102
)
("C:\Program Files (x86)\MiKTeX 2.9\tex\latex\geometry\geometry.sty"
Package: geometry 2010/09/12 v5.6 Page Geometry

("C:\Program Files (x86)\MiKTeX 2.9\tex\latex\graphics\keyval.sty"
Package: keyval 1999/03/16 v1.13 key=value parser (DPC)
\KV@toks@=\toks14
)
("C:\Program Files (x86)\MiKTeX 2.9\tex\generic\oberdiek\ifpdf.sty"
Package: ifpdf 2011/01/30 v2.3 Provides the ifpdf switch (HO)
Package ifpdf Info: pdfTeX in PDF mode is detected.
)
("C:\Program Files (x86)\MiKTeX 2.9\tex\generic\oberdiek\ifvtex.sty"
Package: ifvtex 2010/03/01 v1.5 Detect VTeX and its facilities (HO)
Package ifvtex Info: VTeX not detected.
)
("C:\Program Files (x86)\MiKTeX 2.9\tex\generic\ifxetex\ifxetex.sty"
Package: ifxetex 2010/09/12 v0.6 Provides ifxetex conditional
)
\Gm@cnth=\count87
\Gm@cntv=\count88
\c@Gm@tempcnt=\count89
\Gm@bindingoffset=\dimen103
\Gm@wd@mp=\dimen104
\Gm@odd@mp=\dimen105
\Gm@even@mp=\dimen106
\Gm@layoutwidth=\dimen107
\Gm@layoutheight=\dimen108
\Gm@layouthoffset=\dimen109
\Gm@layoutvoffset=\dimen110
\Gm@dimlist=\toks15

("C:\Program Files (x86)\MiKTeX 2.9\tex\latex\geometry\geometry.cfg"))
("C:\Program Files (x86)\MiKTeX 2.9\tex\latex\amsmath\amsmath.sty"
Package: amsmath 2013/01/14 v2.14 AMS math features
\@mathmargin=\skip43

For additional information on amsmath, use the `?' option.
("C:\Program Files (x86)\MiKTeX 2.9\tex\latex\amsmath\amstext.sty"
Package: amstext 2000/06/29 v2.01

("C:\Program Files (x86)\MiKTeX 2.9\tex\latex\amsmath\amsgen.sty"
File: amsgen.sty 1999/11/30 v2.0
\@emptytoks=\toks16
\ex@=\dimen111
))
("C:\Program Files (x86)\MiKTeX 2.9\tex\latex\amsmath\amsbsy.sty"
Package: amsbsy 1999/11/29 v1.2d
\pmbraise@=\dimen112
)
("C:\Program Files (x86)\MiKTeX 2.9\tex\latex\amsmath\amsopn.sty"
Package: amsopn 1999/12/14 v2.01 operator names
)
\inf@bad=\count90
LaTeX Info: Redefining \frac on input line 210.
\uproot@=\count91
\leftroot@=\count92
LaTeX Info: Redefining \overline on input line 306.
\classnum@=\count93
\DOTSCASE@=\count94
LaTeX Info: Redefining \ldots on input line 378.
LaTeX Info: Redefining \dots on input line 381.
LaTeX Info: Redefining \cdots on input line 466.
\Mathstrutbox@=\box26
\strutbox@=\box27
\big@size=\dimen113
LaTeX Font Info:    Redeclaring font encoding OML on input line 566.
LaTeX Font Info:    Redeclaring font encoding OMS on input line 567.
\macc@depth=\count95
\c@MaxMatrixCols=\count96
\dotsspace@=\muskip10
\c@parentequation=\count97
\dspbrk@lvl=\count98
\tag@help=\toks17
\row@=\count99
\column@=\count100
\maxfields@=\count101
\andhelp@=\toks18
\eqnshift@=\dimen114
\alignsep@=\dimen115
\tagshift@=\dimen116
\tagwidth@=\dimen117
\totwidth@=\dimen118
\lineht@=\dimen119
\@envbody=\toks19
\multlinegap=\skip44
\multlinetaggap=\skip45
\mathdisplay@stack=\toks20
LaTeX Info: Redefining \[ on input line 2665.
LaTeX Info: Redefining \] on input line 2666.
)
("C:\Program Files (x86)\MiKTeX 2.9\tex\latex\amsfonts\amssymb.sty"
Package: amssymb 2013/01/14 v3.01 AMS font symbols

("C:\Program Files (x86)\MiKTeX 2.9\tex\latex\amsfonts\amsfonts.sty"
Package: amsfonts 2013/01/14 v3.01 Basic AMSFonts support
\symAMSa=\mathgroup4
\symAMSb=\mathgroup5
LaTeX Font Info:    Overwriting math alphabet `\mathfrak' in version `bold'
(Font)                  U/euf/m/n --> U/euf/b/n on input line 106.
))
("C:\Program Files (x86)\MiKTeX 2.9\tex\latex\was\gensymb.sty"
Package: gensymb 2003/07/02 v1.0 (WaS)
)
("C:\Program Files (x86)\MiKTeX 2.9\tex\latex\graphics\color.sty"
Package: color 2005/11/14 v1.0j Standard LaTeX Color (DPC)

("C:\Program Files (x86)\MiKTeX 2.9\tex\latex\00miktex\color.cfg"
File: color.cfg 2007/01/18 v1.5 color configuration of teTeX/TeXLive
)
Package color Info: Driver file: pdftex.def on input line 130.

("C:\Program Files (x86)\MiKTeX 2.9\tex\latex\pdftex-def\pdftex.def"
File: pdftex.def 2011/05/27 v0.06d Graphics/color for pdfTeX

("C:\Program Files (x86)\MiKTeX 2.9\tex\generic\oberdiek\infwarerr.sty"
Package: infwarerr 2010/04/08 v1.3 Providing info/warning/error messages (HO)
)
("C:\Program Files (x86)\MiKTeX 2.9\tex\generic\oberdiek\ltxcmds.sty"
Package: ltxcmds 2011/11/09 v1.22 LaTeX kernel commands for general use (HO)
)
\Gread@gobject=\count102
))
("C:\Program Files (x86)\MiKTeX 2.9\tex\latex\graphics\graphicx.sty"
Package: graphicx 1999/02/16 v1.0f Enhanced LaTeX Graphics (DPC,SPQR)

("C:\Program Files (x86)\MiKTeX 2.9\tex\latex\graphics\graphics.sty"
Package: graphics 2009/02/05 v1.0o Standard LaTeX Graphics (DPC,SPQR)

("C:\Program Files (x86)\MiKTeX 2.9\tex\latex\graphics\trig.sty"
Package: trig 1999/03/16 v1.09 sin cos tan (DPC)
)
("C:\Program Files (x86)\MiKTeX 2.9\tex\latex\00miktex\graphics.cfg"
File: graphics.cfg 2007/01/18 v1.5 graphics configuration of teTeX/TeXLive
)
Package graphics Info: Driver file: pdftex.def on input line 91.
)
\Gin@req@height=\dimen120
\Gin@req@width=\dimen121
)
("C:\Program Files (x86)\MiKTeX 2.9\tex\latex\wrapfig\wrapfig.sty"
\wrapoverhang=\dimen122
\WF@size=\dimen123
\c@WF@wrappedlines=\count103
\WF@box=\box28
\WF@everypar=\toks21
Package: wrapfig 2003/01/31  v 3.6
)
("C:\Program Files (x86)\MiKTeX 2.9\tex\latex\caption\caption.sty"
Package: caption 2013/05/02 v3.3-89 Customizing captions (AR)

("C:\Program Files (x86)\MiKTeX 2.9\tex\latex\caption\caption3.sty"
Package: caption3 2013/05/02 v1.6-88 caption3 kernel (AR)
Package caption3 Info: TeX engine: e-TeX on input line 57.
\captionmargin=\dimen124
\captionmargin@=\dimen125
\captionwidth=\dimen126
\caption@tempdima=\dimen127
\caption@indent=\dimen128
\caption@parindent=\dimen129
\caption@hangindent=\dimen130
)
\c@ContinuedFloat=\count104
Package caption Info: wrapfig package is loaded.
)
("C:\Program Files (x86)\MiKTeX 2.9\tex\latex\caption\subcaption.sty"
Package: subcaption 2013/02/03 v1.1-62 Sub-captions (AR)
\c@subfigure=\count105
\c@subtable=\count106
)
("C:\Program Files (x86)\MiKTeX 2.9\tex\latex\appendix\appendix.sty"
Package: appendix 2009/09/02 v1.2b extra appendix facilities
\c@@pps=\count107
\c@@ppsavesec=\count108
\c@@ppsaveapp=\count109
)
("C:\Program Files (x86)\MiKTeX 2.9\tex\latex\booktabs\booktabs.sty"
Package: booktabs 2005/04/14 v1.61803 publication quality tables
\heavyrulewidth=\dimen131
\lightrulewidth=\dimen132
\cmidrulewidth=\dimen133
\belowrulesep=\dimen134
\belowbottomsep=\dimen135
\aboverulesep=\dimen136
\abovetopsep=\dimen137
\cmidrulesep=\dimen138
\cmidrulekern=\dimen139
\defaultaddspace=\dimen140
\@cmidla=\count110
\@cmidlb=\count111
\@aboverulesep=\dimen141
\@belowrulesep=\dimen142
\@thisruleclass=\count112
\@lastruleclass=\count113
\@thisrulewidth=\dimen143
)
("C:\Program Files (x86)\MiKTeX 2.9\tex\latex\cleveref\cleveref.sty"
Package: cleveref 2013/12/28 v0.19 Intelligent cross-referencing
)
("C:\Program Files (x86)\MiKTeX 2.9\tex\latex\floatrow\floatrow.sty"
Package: floatrow 2008/08/02 v0.3b floatrow: float package extension
\c@float@type=\count114
\float@exts=\toks22
\float@box=\box29
\@floatcapt=\box30
Package floatrow Info: Modified float package code loaded on input line 455.
Package floatrow Info: Modified rotfloat package code loaded on input line 473.

\FR@everyfloat=\toks23
\flrow@foot=\insert233
\FB@wd=\dimen144
\FBo@wd=\dimen145
\FBc@wd=\dimen146
\FBo@ht=\skip46
\FBc@ht=\skip47
\FBf@ht=\skip48
\FBo@max=\skip49
\FBc@max=\skip50
\FBf@max=\skip51
\c@FBl@b=\count115
\floatbox@depth=\count116
\c@FRobj=\count117
\c@FRsobj=\count118
\Xhsize=\skip52
\sXhsize=\skip53
\Zhsize=\skip54
\sZhsize=\skip55
\flrow@rowbox=\box31
\FR@Zunitlength=\dimen147
\c@FBcnt=\count119
\FPOScnt=\count120
\LTleft=\skip56
\LTright=\skip57
\LTleft=\skip58
\LTright=\skip59
\flrow@types=\toks24
)
("C:\Program Files (x86)\MiKTeX 2.9\tex\latex\listings\listings.sty"
\lst@mode=\count121
\lst@gtempboxa=\box32
\lst@token=\toks25
\lst@length=\count122
\lst@currlwidth=\dimen148
\lst@column=\count123
\lst@pos=\count124
\lst@lostspace=\dimen149
\lst@width=\dimen150
\lst@newlines=\count125
\lst@lineno=\count126
\lst@maxwidth=\dimen151

("C:\Program Files (x86)\MiKTeX 2.9\tex\latex\listings\lstmisc.sty"
File: lstmisc.sty 2014/09/06 1.5e (Carsten Heinz)
\c@lstnumber=\count127
\lst@skipnumbers=\count128
\lst@framebox=\box33
)
("C:\Program Files (x86)\MiKTeX 2.9\tex\latex\listings\listings.cfg"
File: listings.cfg 2014/09/06 1.5e listings configuration
))
Package: listings 2014/09/06 1.5e (Carsten Heinz)

("C:\Program Files (x86)\MiKTeX 2.9\tex\latex\xcolor\xcolor.sty"
Package: xcolor 2007/01/21 v2.11 LaTeX color extensions (UK)

("C:\Program Files (x86)\MiKTeX 2.9\tex\latex\00miktex\color.cfg"
File: color.cfg 2007/01/18 v1.5 color configuration of teTeX/TeXLive
)
Package xcolor Info: Driver file: pdftex.def on input line 225.
LaTeX Info: Redefining \color on input line 702.
Package xcolor Info: Model `cmy' substituted by `cmy0' on input line 1337.
Package xcolor Info: Model `hsb' substituted by `rgb' on input line 1341.
Package xcolor Info: Model `RGB' extended on input line 1353.
Package xcolor Info: Model `HTML' substituted by `rgb' on input line 1355.
Package xcolor Info: Model `Hsb' substituted by `hsb' on input line 1356.
Package xcolor Info: Model `tHsb' substituted by `hsb' on input line 1357.
Package xcolor Info: Model `HSB' substituted by `hsb' on input line 1358.
Package xcolor Info: Model `Gray' substituted by `gray' on input line 1359.
Package xcolor Info: Model `wave' substituted by `hsb' on input line 1360.
)
("C:\Program Files (x86)\MiKTeX 2.9\tex\latex\multirow\multirow.sty"
\bigstrutjot=\dimen152
)
("C:\Program Files (x86)\MiKTeX 2.9\tex\latex\tools\array.sty"
Package: array 2008/09/09 v2.4c Tabular extension package (FMi)
\col@sep=\dimen153
\extrarowheight=\dimen154
\NC@list=\toks26
\extratabsurround=\skip60
\backup@length=\skip61
)
("C:\Program Files (x86)\MiKTeX 2.9\tex\latex\enumitem\enumitem.sty"
Package: enumitem 2011/09/28 v3.5.2 Customized lists
\labelindent=\skip62
\enit@outerparindent=\dimen155
\enit@toks=\toks27
\enit@inbox=\box34
\enitdp@description=\count129
)
("C:\Program Files (x86)\MiKTeX 2.9\tex\latex\placeins\placeins.sty"
Package: placeins 2005/04/18  v 2.2
)
(C:\Users\RAK\Documents\Project\year4project\fitzhugh_nagumo\report\report.aux

LaTeX Warning: Label `fn_match_voltage_time_pp' multiply defined.


LaTeX Warning: Label `fn_match_voltage_time_pp@cref' multiply defined.


LaTeX Warning: Label `sub@fn_match_voltage_time_pp' multiply defined.


LaTeX Warning: Label `sub@fn_match_voltage_time_pp@cref' multiply defined.


LaTeX Warning: Label `fn_match_voltage_time_vt' multiply defined.


LaTeX Warning: Label `fn_match_voltage_time_vt@cref' multiply defined.


LaTeX Warning: Label `sub@fn_match_voltage_time_vt' multiply defined.


LaTeX Warning: Label `sub@fn_match_voltage_time_vt@cref' multiply defined.


LaTeX Warning: Label `fn_match_voltage_time' multiply defined.


LaTeX Warning: Label `fn_match_voltage_time@cref' multiply defined.

)
LaTeX Font Info:    Checking defaults for OML/cmm/m/it on input line 29.
LaTeX Font Info:    ... okay on input line 29.
LaTeX Font Info:    Checking defaults for T1/cmr/m/n on input line 29.
LaTeX Font Info:    ... okay on input line 29.
LaTeX Font Info:    Checking defaults for OT1/cmr/m/n on input line 29.
LaTeX Font Info:    ... okay on input line 29.
LaTeX Font Info:    Checking defaults for OMS/cmsy/m/n on input line 29.
LaTeX Font Info:    ... okay on input line 29.
LaTeX Font Info:    Checking defaults for OMX/cmex/m/n on input line 29.
LaTeX Font Info:    ... okay on input line 29.
LaTeX Font Info:    Checking defaults for U/cmr/m/n on input line 29.
LaTeX Font Info:    ... okay on input line 29.

*geometry* driver: auto-detecting
*geometry* detected driver: pdftex
*geometry* verbose mode - [ preamble ] result:
* driver: pdftex
* paper: a4paper
* layout: <same size as paper>
* layoutoffset:(h,v)=(0.0pt,0.0pt)
* modes: 
* h-part:(L,W,R)=(71.1319pt, 455.24408pt, 71.1319pt)
* v-part:(T,H,B)=(64.87228pt, 682.86613pt, 97.30843pt)
* \paperwidth=597.50787pt
* \paperheight=845.04684pt
* \textwidth=455.24408pt
* \textheight=682.86613pt
* \oddsidemargin=-1.13809pt
* \evensidemargin=-1.13809pt
* \topmargin=-44.3977pt
* \headheight=12.0pt
* \headsep=25.0pt
* \topskip=10.0pt
* \footskip=30.0pt
* \marginparwidth=57.0pt
* \marginparsep=11.0pt
* \columnsep=10.0pt
* \skip\footins=9.0pt plus 4.0pt minus 2.0pt
* \hoffset=0.0pt
* \voffset=0.0pt
* \mag=1000
* \@twocolumnfalse
* \@twosidefalse
* \@mparswitchfalse
* \@reversemarginfalse
* (1in=72.27pt=25.4mm, 1cm=28.453pt)

LaTeX Info: Redefining \celsius on input line 29.
Package gensymb Info: Faking symbols for \degree and \celsius on input line 29.


Package gensymb Warning: Not defining \perthousand.

LaTeX Info: Redefining \ohm on input line 29.
Package gensymb Info: Using \Omega for \ohm on input line 29.

Package gensymb Warning: Not defining \micro.

("C:\Program Files (x86)\MiKTeX 2.9\tex\context\base\supp-pdf.mkii"
[Loading MPS to PDF converter (version 2006.09.02).]
\scratchcounter=\count130
\scratchdimen=\dimen156
\scratchbox=\box35
\nofMPsegments=\count131
\nofMParguments=\count132
\everyMPshowfont=\toks28
\MPscratchCnt=\count133
\MPscratchDim=\dimen157
\MPnumerator=\count134
\makeMPintoPDFobject=\count135
\everyMPtoPDFconversion=\toks29
)
Package caption Info: Begin \AtBeginDocument code.
Package caption Info: floatrow package is loaded.
Package caption Info: float package is loaded.
Package caption Info: floatrow package is loaded.
Package caption Info: listings package is loaded.
Package caption Info: End \AtBeginDocument code.
\c@lstlisting=\count136

! Misplaced \noalign.
\hline ->\noalign 
                  {\ifnum 0=`}\fi \hrule \@height \arrayrulewidth \futurelet...
l.32 ...lity and biochemical oscillators}}}}\hline
                                                  \vspace{0.1cm}
I expect to see \noalign only after the \cr of
an alignment. Proceed, and I'll ignore this case.

LaTeX Font Info:    Try loading font information for U+msa on input line 37.
("C:\Program Files (x86)\MiKTeX 2.9\tex\latex\amsfonts\umsa.fd"
File: umsa.fd 2013/01/14 v3.01 AMS symbols A
)
LaTeX Font Info:    Try loading font information for U+msb on input line 37.

("C:\Program Files (x86)\MiKTeX 2.9\tex\latex\amsfonts\umsb.fd"
File: umsb.fd 2013/01/14 v3.01 AMS symbols B
)
<C:/Users/RAK/Documents/Project/year4project/fitzhugh_nagumo/fitz_nagumo_hyster
esis.jpg, id=1, 562.1pt x 421.575pt>
File: C:/Users/RAK/Documents/Project/year4project/fitzhugh_nagumo/fitz_nagumo_h
ysteresis.jpg Graphic file (type jpg)

<use C:/Users/RAK/Documents/Project/year4project/fitzhugh_nagumo/fitz_nagumo_hy
steresis.jpg>
Package pdftex.def Info: C:/Users/RAK/Documents/Project/year4project/fitzhugh_n
agumo/fitz_nagumo_hysteresis.jpg used on input line 97.
(pdftex.def)             Requested size: 223.0721pt x 167.30186pt.

<C:/Users/RAK/Documents/Project/year4project/fitzhugh_nagumo/fitz_nagumo.jpg, i
d=2, 562.1pt x 421.575pt>
File: C:/Users/RAK/Documents/Project/year4project/fitzhugh_nagumo/fitz_nagumo.j
pg Graphic file (type jpg)

<use C:/Users/RAK/Documents/Project/year4project/fitzhugh_nagumo/fitz_nagumo.jp
g>
Package pdftex.def Info: C:/Users/RAK/Documents/Project/year4project/fitzhugh_n
agumo/fitz_nagumo.jpg used on input line 104.
(pdftex.def)             Requested size: 223.0721pt x 167.30186pt.


LaTeX Warning: `!h' float specifier changed to `!ht'.


<C:/Users/RAK/Documents/Project/year4project/fitzhugh_nagumo/fitz_relay_transfe
r.jpg, id=3, 666.23906pt x 438.13687pt>
File: C:/Users/RAK/Documents/Project/year4project/fitzhugh_nagumo/fitz_relay_tr
ansfer.jpg Graphic file (type jpg)

<use C:/Users/RAK/Documents/Project/year4project/fitzhugh_nagumo/fitz_relay_tra
nsfer.jpg>
Package pdftex.def Info: C:/Users/RAK/Documents/Project/year4project/fitzhugh_n
agumo/fitz_relay_transfer.jpg used on input line 115.
(pdftex.def)             Requested size: 227.62204pt x 149.68658pt.
 [1

{C:/Users/RAK/AppData/Local/MiKTeX/2.9/pdftex/config/pdftex.map}]
[2 <C:/Users/RAK/Documents/Project/year4project/fitzhugh_nagumo/fitz_nagumo_hys
teresis.jpg> <C:/Users/RAK/Documents/Project/year4project/fitzhugh_nagumo/fitz_
nagumo.jpg> <C:/Users/RAK/Documents/Project/year4project/fitzhugh_nagumo/fitz_r
elay_transfer.jpg>]
<C:/Users/RAK/Documents/Project/year4project/fitzhugh_nagumo/fitz_relay_match_t
ime_period_phase_potrait.png, id=25, 421.575pt x 316.18124pt>
File: C:/Users/RAK/Documents/Project/year4project/fitzhugh_nagumo/fitz_relay_ma
tch_time_period_phase_potrait.png Graphic file (type png)

<use C:/Users/RAK/Documents/Project/year4project/fitzhugh_nagumo/fitz_relay_mat
ch_time_period_phase_potrait.png>
Package pdftex.def Info: C:/Users/RAK/Documents/Project/year4project/fitzhugh_n
agumo/fitz_relay_match_time_period_phase_potrait.png used on input line 142.
(pdftex.def)             Requested size: 223.0721pt x 167.30508pt.

<C:/Users/RAK/Documents/Project/year4project/fitzhugh_nagumo/fitz_relay_match_t
ime_period_voltage_time.png, id=26, 421.575pt x 316.18124pt>
File: C:/Users/RAK/Documents/Project/year4project/fitzhugh_nagumo/fitz_relay_ma
tch_time_period_voltage_time.png Graphic file (type png)

<use C:/Users/RAK/Documents/Project/year4project/fitzhugh_nagumo/fitz_relay_mat
ch_time_period_voltage_time.png>
Package pdftex.def Info: C:/Users/RAK/Documents/Project/year4project/fitzhugh_n
agumo/fitz_relay_match_time_period_voltage_time.png used on input line 149.
(pdftex.def)             Requested size: 223.0721pt x 167.30508pt.

<C:/Users/RAK/Documents/Project/year4project/fitzhugh_nagumo/fitz_relay_match_h
ysteresis_phase_potrait.png, id=27, 421.575pt x 316.18124pt>
File: C:/Users/RAK/Documents/Project/year4project/fitzhugh_nagumo/fitz_relay_ma
tch_hysteresis_phase_potrait.png Graphic file (type png)

<use C:/Users/RAK/Documents/Project/year4project/fitzhugh_nagumo/fitz_relay_mat
ch_hysteresis_phase_potrait.png>
Package pdftex.def Info: C:/Users/RAK/Documents/Project/year4project/fitzhugh_n
agumo/fitz_relay_match_hysteresis_phase_potrait.png used on input line 166.
(pdftex.def)             Requested size: 223.0721pt x 167.30508pt.

<C:/Users/RAK/Documents/Project/year4project/fitzhugh_nagumo/fitz_relay_match_h
ysteresis_voltage_time.png, id=28, 421.575pt x 316.18124pt>
File: C:/Users/RAK/Documents/Project/year4project/fitzhugh_nagumo/fitz_relay_ma
tch_hysteresis_voltage_time.png Graphic file (type png)

<use C:/Users/RAK/Documents/Project/year4project/fitzhugh_nagumo/fitz_relay_mat
ch_hysteresis_voltage_time.png>
Package pdftex.def Info: C:/Users/RAK/Documents/Project/year4project/fitzhugh_n
agumo/fitz_relay_match_hysteresis_voltage_time.png used on input line 173.
(pdftex.def)             Requested size: 223.0721pt x 167.30508pt.


LaTeX Warning: Reference `f_n_change_A' on page 3 undefined on input line 182.

[3 <C:/Users/RAK/Documents/Project/year4project/fitzhugh_nagumo/fitz_relay_matc
h_time_period_phase_potrait.png (PNG copy)> <C:/Users/RAK/Documents/Project/yea
r4project/fitzhugh_nagumo/fitz_relay_match_time_period_voltage_time.png (PNG co
py)> <C:/Users/RAK/Documents/Project/year4project/fitzhugh_nagumo/fitz_relay_ma
tch_hysteresis_phase_potrait.png (PNG copy)> <C:/Users/RAK/Documents/Project/ye
ar4project/fitzhugh_nagumo/fitz_relay_match_hysteresis_voltage_time.png (PNG co
py)>]
<C:/Users/RAK/Documents/Project/year4project/fitzhugh_nagumo/fitz_relay_change_
A_hysteresis.jpg, id=32, 562.1pt x 421.575pt>
File: C:/Users/RAK/Documents/Project/year4project/fitzhugh_nagumo/fitz_relay_ch
ange_A_hysteresis.jpg Graphic file (type jpg)

<use C:/Users/RAK/Documents/Project/year4project/fitzhugh_nagumo/fitz_relay_cha
nge_A_hysteresis.jpg>
Package pdftex.def Info: C:/Users/RAK/Documents/Project/year4project/fitzhugh_n
agumo/fitz_relay_change_A_hysteresis.jpg used on input line 187.
(pdftex.def)             Requested size: 223.0721pt x 167.30186pt.

<C:/Users/RAK/Documents/Project/year4project/fitzhugh_nagumo/fitz_relay_change_
A_voltage_time.jpg, id=33, 562.1pt x 421.575pt>
File: C:/Users/RAK/Documents/Project/year4project/fitzhugh_nagumo/fitz_relay_ch
ange_A_voltage_time.jpg Graphic file (type jpg)

<use C:/Users/RAK/Documents/Project/year4project/fitzhugh_nagumo/fitz_relay_cha
nge_A_voltage_time.jpg>
Package pdftex.def Info: C:/Users/RAK/Documents/Project/year4project/fitzhugh_n
agumo/fitz_relay_change_A_voltage_time.jpg used on input line 194.
(pdftex.def)             Requested size: 223.0721pt x 167.30186pt.

<C:/Users/RAK/Documents/Project/year4project/fitzhugh_nagumo/goodwin_relay_tran
sfer.jpg, id=34, 645.91313pt x 430.60875pt>
File: C:/Users/RAK/Documents/Project/year4project/fitzhugh_nagumo/goodwin_relay
_transfer.jpg Graphic file (type jpg)

<use C:/Users/RAK/Documents/Project/year4project/fitzhugh_nagumo/goodwin_relay_
transfer.jpg>
Package pdftex.def Info: C:/Users/RAK/Documents/Project/year4project/fitzhugh_n
agumo/goodwin_relay_transfer.jpg used on input line 217.
(pdftex.def)             Requested size: 227.62204pt x 151.74689pt.
 [4 <C:/Users/RAK/Documents/Project/year4project/fitzhugh_nagumo/fitz_relay_cha
nge_A_hysteresis.jpg> <C:/Users/RAK/Documents/Project/year4project/fitzhugh_nag
umo/fitz_relay_change_A_voltage_time.jpg>]
LaTeX Font Info:    Try loading font information for OMS+cmr on input line 326.


("C:\Program Files (x86)\MiKTeX 2.9\tex\latex\base\omscmr.fd"
File: omscmr.fd 1999/05/25 v2.5h Standard LaTeX font definitions
)
LaTeX Font Info:    Font shape `OMS/cmr/m/n' in size <10> not available
(Font)              Font shape `OMS/cmsy/m/n' tried instead on input line 326.
 [5 <C:/Users/RAK/Documents/Project/year4project/fitzhugh_nagumo/goodwin_relay_
transfer.jpg>]
[6]
(C:\Users\RAK\Documents\Project\year4project\fitzhugh_nagumo\report\report.aux)

LaTeX Warning: There were undefined references.


LaTeX Warning: There were multiply-defined labels.

 ) 
Here is how much of TeX's memory you used:
 8026 strings out of 493921
 131423 string characters out of 3144881
 215566 words of memory out of 3000000
 11221 multiletter control sequences out of 15000+200000
 12455 words of font info for 48 fonts, out of 3000000 for 9000
 841 hyphenation exceptions out of 8191
 36i,15n,39p,708b,496s stack positions out of 5000i,500n,10000p,200000b,50000s
<C:/Program Files (x86)/MiKTeX 2.9/fonts/type1/public/amsfonts/cm/cmbx10.pfb>
<C:/Program Files (x86)/MiKTeX 2.9/fonts/type1/public/amsfonts/cm/cmbx12.pfb><C
:/Program Files (x86)/MiKTeX 2.9/fonts/type1/public/amsfonts/cm/cmex10.pfb><C:/
Program Files (x86)/MiKTeX 2.9/fonts/type1/public/amsfonts/cm/cmmi10.pfb><C:/Pr
ogram Files (x86)/MiKTeX 2.9/fonts/type1/public/amsfonts/cm/cmmi12.pfb><C:/Prog
ram Files (x86)/MiKTeX 2.9/fonts/type1/public/amsfonts/cm/cmmi5.pfb><C:/Program
 Files (x86)/MiKTeX 2.9/fonts/type1/public/amsfonts/cm/cmmi7.pfb><C:/Program Fi
les (x86)/MiKTeX 2.9/fonts/type1/public/amsfonts/cm/cmmi8.pfb><C:/Program Files
 (x86)/MiKTeX 2.9/fonts/type1/public/amsfonts/cm/cmr10.pfb><C:/Program Files (x
86)/MiKTeX 2.9/fonts/type1/public/amsfonts/cm/cmr5.pfb><C:/Program Files (x86)/
MiKTeX 2.9/fonts/type1/public/amsfonts/cm/cmr6.pfb><C:/Program Files (x86)/MiKT
eX 2.9/fonts/type1/public/amsfonts/cm/cmr7.pfb><C:/Program Files (x86)/MiKTeX 2
.9/fonts/type1/public/amsfonts/cm/cmr8.pfb><C:/Program Files (x86)/MiKTeX 2.9/f
onts/type1/public/amsfonts/cm/cmr9.pfb><C:/Program Files (x86)/MiKTeX 2.9/fonts
/type1/public/amsfonts/cm/cmsy10.pfb><C:/Program Files (x86)/MiKTeX 2.9/fonts/t
ype1/public/amsfonts/cm/cmsy5.pfb><C:/Program Files (x86)/MiKTeX 2.9/fonts/type
1/public/amsfonts/cm/cmsy7.pfb><C:/Program Files (x86)/MiKTeX 2.9/fonts/type1/p
ublic/amsfonts/cm/cmti10.pfb>
Output written on report.pdf (6 pages, 421617 bytes).
PDF statistics:
 103 PDF objects out of 1000 (max. 8388607)
 0 named destinations out of 1000 (max. 500000)
 51 words of extra memory for PDF output out of 10000 (max. 10000000)

